=== TXN #0001 2026-06-03 10:49:59 ===
Marca: Visa | Modo: contactless (MDI=L) | Monto: $123.45
Terminal: 74000025 | Merchant: 03659307
NII: 0721 | TPDU: 6007210000 | Host: ws1.prismamp.com:8443
Trace: 496389 | Ticket: 0193

--- REQUEST 0200 ---
    017E 6007 2100 0002 0032 3827 8020 C582
    3400 0000 0000 0001 2345 0603 1049 5949
    6389 1049 5906 0300 3200 7100 0007 2100
    3745 0799 0000 0064 54D2 8072 0145 6000
    0000 000F 3734 3030 3030 3235 3033 3635
    3933 3037 2020 2020 2020 2000 0131 0003
    3030 3130 3332 0244 3935 3035 3030 3030
    3030 3030 3030 3941 3033 3236 3036 3033
    3943 3031 3030 3946 3032 3036 3030 3030
    3030 3031 3233 3435 3946 3033 3036 3030
    3030 3030 3030 3030 3030 3946 3130 3037
    3036 3031 3132 3033 4130 3230 3030 3946
    3236 3038 3633 3243 4434 4637 3445 3744
    4336 3046 3946 3237 3031 3830 3946 3333
    3033 4530 4638 4338 3946 3334 3033 3346
    3030 3030 3946 3336 3032 3030 3535 3946
    3337 3034 4534 3141 3531 3837 3946 3145
    3038 3338 3335 3331 3330 3439 3433 3433
    3030 3946 3645 3034 3230 3730 3030 3030
    3834 3037 4130 3030 3030 3030 3033 3130
    3130 3546 3334 3031 3030 3832 3032 3230
    3030 3546 3241 3032 3030 3332 0016 3032
    3130 3130 3030 3130 3034 3037 3037 0010
    5041 5957 4159 5F43 4F45 0004 3031 3933

--- RESPONSE 0210 ---
Codigo: 30 - Error En Formato
TPDU: 6000000721 | MTI: 0210
Campos: [3, 4, 7, 11, 24, 37, 39, 41, 42, 48, 49]
    -> F003: [000000]
    -> F004: [000000012345]
    -> F007: [0603104959]
    -> F011: [496389]
    -> F024: [0721]
    -> F037: [000000496389]
    -> F039: [30]
    -> F041: [74000025]
    -> F042: [03659307       ]
    -> F048: [001]
    -> F049: [032]

HEX:
    6000 0007 2102 1032 2001 000A C180 0000
    0000 0000 0001 2345 0603 1049 5949 6389
    0721 3030 3030 3030 3439 3633 3839 3330
    3734 3030 3030 3235 3033 3635 3933 3037
    2020 2020 2020 2000 0330 3031 3033 32

============================================================

=== TXN #0002 2026-06-03 10:59:30 ===
Marca: Visa | Modo: contactless (MDI=L) | Monto: $123.45
Terminal: 74000025 | Merchant: 03659307
NII: 0721 | TPDU: 6007210000 | Host: ws1.prismamp.com:8443
Trace: 340180 | Ticket: 1702

--- REQUEST 0200 ---
    017C 6007 2100 0002 0032 3827 8020 C582
    3400 0000 0000 0001 2345 0603 1059 3034
    0180 1059 3006 0300 3200 7100 0007 2100
    3745 0799 0000 0064 54D2 8072 0145 6000
    0000 000F 3734 3030 3030 3235 3033 3635
    3933 3037 2020 2020 2020 2000 0131 0003
    3030 3130 3332 0244 3935 3035 3030 3030
    3030 3030 3030 3941 3033 3236 3036 3033
    3943 3031 3030 3946 3032 3036 3030 3030
    3030 3031 3233 3435 3946 3033 3036 3030
    3030 3030 3030 3030 3030 3946 3130 3037
    3036 3031 3132 3033 4130 3230 3030 3946
    3236 3038 3346 4241 4439 4132 3030 4241
    3237 4635 3946 3237 3031 3830 3946 3333
    3033 4530 4638 4338 3946 3334 3033 3346
    3030 3030 3946 3336 3032 3030 3536 3946
    3337 3034 4138 4445 3135 3442 3946 3145
    3038 3338 3335 3331 3330 3439 3433 3433
    3030 3946 3645 3034 3230 3730 3030 3030
    3834 3037 4130 3030 3030 3030 3033 3130
    3130 3546 3334 3031 3030 3832 3032 3230
    3030 3546 3241 3032 3030 3332 0014 3032
    3130 3030 3130 3034 3037 3037 0010 5041
    5957 4159 5F43 4F45 0004 3137 3032

--- RESPONSE 0210 ---
Codigo: 00 - Aprobada (authno)
TPDU: 6000000721 | MTI: 0210
Campos: [3, 4, 7, 11, 24, 37, 38, 39, 41, 42, 48, 49]
    -> F003: [000000]
    -> F004: [000000012345]
    -> F007: [0603105930]
    -> F011: [340180]
    -> F024: [0721]
    -> F037: [000000340180]
    -> F038: [B18326]
    -> F039: [00]
    -> F041: [74000025]
    -> F042: [03659307       ]
    -> F048: [001]
    -> F049: [032]

HEX:
    6000 0007 2102 1032 2001 000E C180 0000
    0000 0000 0001 2345 0603 1059 3034 0180
    0721 3030 3030 3030 3334 3031 3830 4231
    3833 3236 3030 3734 3030 3030 3235 3033
    3635 3933 3037 2020 2020 2020 2000 0330
    3031 3033 32

============================================================

=== TXN #0003 2026-06-03 11:02:53 ===
Marca: Visa | Modo: contactless (MDI=L) | Monto: $123.45
Terminal: 74000025 | Merchant: 03659307
NII: 0721 | TPDU: 6007210000 | Host: ws1.prismamp.com:8443
Trace: 340181 | Ticket: 1703

--- REQUEST 0200 ---
    0187 6007 2100 0002 0032 3827 8020 C582
    3400 0000 0000 0001 2345 0603 1102 5334
    0181 1102 5306 0300 3200 7100 0007 2100
    3745 0799 0000 0064 54D2 8072 0145 6000
    0000 000F 3734 3030 3030 3235 3033 3635
    3933 3037 2020 2020 2020 2000 0131 0003
    3030 3130 3332 0244 3935 3035 3030 3030
    3030 3030 3030 3941 3033 3236 3036 3033
    3943 3031 3030 3946 3032 3036 3030 3030
    3030 3031 3233 3435 3946 3033 3036 3030
    3030 3030 3030 3030 3030 3946 3130 3037
    3036 3031 3132 3033 4130 3230 3030 3946
    3236 3038 3239 3330 3936 4232 4231 3530
    3337 3737 3946 3237 3031 3830 3946 3333
    3033 4530 4638 4338 3946 3334 3033 3346
    3030 3030 3946 3336 3032 3030 3537 3946
    3337 3034 3737 4145 4534 3142 3946 3145
    3038 3338 3335 3331 3330 3439 3433 3433
    3030 3946 3645 3034 3230 3730 3030 3030
    3834 3037 4130 3030 3030 3030 3033 3130
    3130 3546 3334 3031 3030 3832 3032 3230
    3030 3546 3241 3032 3030 3332 0025 3032
    3130 3030 3130 3730 3731 3036 3030 3031
    3030 3432 3533 3900 1050 4159 5741 595F
    434F 4500 0431 3730 33

--- RESPONSE 0210 ---
Codigo: 30 - Error En Formato
TPDU: 6000000721 | MTI: 0210
Campos: [3, 4, 7, 11, 24, 37, 39, 41, 42, 48, 49]
    -> F003: [000000]
    -> F004: [000000012345]
    -> F007: [0603110253]
    -> F011: [340181]
    -> F024: [0721]
    -> F037: [000000340181]
    -> F039: [30]
    -> F041: [74000025]
    -> F042: [03659307       ]
    -> F048: [001]
    -> F049: [032]

HEX:
    6000 0007 2102 1032 2001 000A C180 0000
    0000 0000 0001 2345 0603 1102 5334 0181
    0721 3030 3030 3030 3334 3031 3831 3330
    3734 3030 3030 3235 3033 3635 3933 3037
    2020 2020 2020 2000 0330 3031 3033 32

============================================================

=== TXN #0004 2026-06-03 11:03:38 ===
Marca: Visa | Modo: contactless (MDI=L) | Monto: $123.45
Terminal: 74000025 | Merchant: 03659307
NII: 0721 | TPDU: 6007210000 | Host: ws1.prismamp.com:8443
Trace: 340182 | Ticket: 1704

--- REQUEST 0200 ---
    018A 6007 2100 0002 0032 3827 8020 C582
    3400 0000 0000 0001 2345 0603 1103 3834
    0182 1103 3806 0300 3200 7100 0007 2100
    3745 0799 0000 0064 54D2 8072 0145 6000
    0000 000F 3734 3030 3030 3235 3033 3635
    3933 3037 2020 2020 2020 2000 0131 0003
    3030 3130 3332 0244 3935 3035 3030 3030
    3030 3030 3030 3941 3033 3236 3036 3033
    3943 3031 3030 3946 3032 3036 3030 3030
    3030 3031 3233 3435 3946 3033 3036 3030
    3030 3030 3030 3030 3030 3946 3130 3037
    3036 3031 3132 3033 4130 3230 3030 3946
    3236 3038 3638 3945 4636 3136 4146 4231
    3045 3733 3946 3237 3031 3830 3946 3333
    3033 4530 4638 4338 3946 3334 3033 3346
    3030 3030 3946 3336 3032 3030 3538 3946
    3337 3034 3430 3736 4144 4533 3946 3145
    3038 3338 3335 3331 3330 3439 3433 3433
    3030 3946 3645 3034 3230 3730 3030 3030
    3834 3037 4130 3030 3030 3030 3033 3130
    3130 3546 3334 3031 3030 3832 3032 3230
    3030 3546 3241 3032 3030 3332 0028 3032
    3130 3030 3130 3034 3037 3037 3130 3630
    3030 3130 3034 3235 3339 0010 5041 5957
    4159 5F43 4F45 0004 3137 3034

--- RESPONSE 0210 ---
Codigo: H1 - Desconocido
TPDU: 6000000721 | MTI: 0210
Campos: [3, 4, 7, 11, 24, 37, 39, 41, 42, 48, 49, 63]
    -> F003: [000000]
    -> F004: [000000012345]
    -> F007: [0603110338]
    -> F011: [340182]
    -> F024: [0721]
    -> F037: [000000340182]
    -> F039: [H1]
    -> F041: [74000025]
    -> F042: [03659307       ]
    -> F048: [001]
    -> F049: [032]
    -> F063: [.DEBT REPAYMENT SOLO HABILITADO RUBROS 6012 Y 6051.]

HEX:
    6000 0007 2102 1032 2001 000A C180 0200
    0000 0000 0001 2345 0603 1103 3834 0182
    0721 3030 3030 3030 3334 3031 3832 4831
    3734 3030 3030 3235 3033 3635 3933 3037
    2020 2020 2020 2000 0330 3031 3033 3200
    512E 4445 4254 2052 4550 4159 4D45 4E54
    2053 4F4C 4F20 4841 4249 4C49 5441 444F
    2052 5542 524F 5320 3630 3132 2059 2036
    3035 312E

============================================================

=== TXN #0005 2026-06-03 11:39:37 ===
Marca: Visa | Modo: contactless (MDI=L) | Monto: $123.45
Terminal: 74000025 | Merchant: 68935899
NII: 0721 | TPDU: 6007210000 | Host: ws1.prismamp.com:8443
Trace: 340183 | Ticket: 1705

--- REQUEST 0200 ---
    018A 6007 2100 0002 0032 3827 8020 C582
    3400 0000 0000 0001 2345 0603 1139 3734
    0183 1139 3706 0300 3200 7100 0007 2100
    3748 1550 0005 6528 01D3 1072 2113 6000
    0000 000F 3734 3030 3030 3235 3638 3933
    3538 3939 2020 2020 2020 2000 0131 0003
    3030 3130 3332 0244 3935 3035 3030 3030
    3030 3030 3030 3941 3033 3236 3036 3033
    3943 3031 3030 3946 3032 3036 3030 3030
    3030 3031 3233 3435 3946 3033 3036 3030
    3030 3030 3030 3030 3030 3946 3130 3037
    3036 3031 3132 3033 4130 3238 3030 3946
    3236 3038 4130 4531 3938 4242 4545 3942
    4337 3942 3946 3237 3031 3830 3946 3333
    3033 4530 4638 4338 3946 3334 3033 3346
    3030 3030 3946 3336 3032 3030 3631 3946
    3337 3034 3145 3534 3842 4331 3946 3145
    3038 3338 3335 3331 3330 3439 3433 3433
    3030 3946 3645 3034 3230 3730 3030 3030
    3834 3037 4130 3030 3030 3030 3033 3130
    3130 3546 3334 3031 3030 3832 3032 3230
    3030 3546 3241 3032 3030 3332 0028 3032
    3130 3030 3130 3034 3037 3037 3130 3630
    3030 3130 3034 3235 3339 0010 5041 5957
    4159 5F43 4F45 0004 3137 3035

--- RESPONSE 0210 ---
Codigo: 03 - Comercio Inválido
TPDU: 6000000721 | MTI: 0210
Campos: [3, 4, 7, 11, 24, 37, 39, 41, 42, 48, 49]
    -> F003: [000000]
    -> F004: [000000012345]
    -> F007: [0603113937]
    -> F011: [340183]
    -> F024: [0721]
    -> F037: [000000340183]
    -> F039: [03]
    -> F041: [74000025]
    -> F042: [68935899       ]
    -> F048: [001]
    -> F049: [032]

HEX:
    6000 0007 2102 1032 2001 000A C180 0000
    0000 0000 0001 2345 0603 1139 3734 0183
    0721 3030 3030 3030 3334 3031 3833 3033
    3734 3030 3030 3235 3638 3933 3538 3939
    2020 2020 2020 2000 0330 3031 3033 32

============================================================

=== TXN #0006 2026-06-03 11:46:27 ===
Marca: Visa | Modo: contactless (MDI=L) | Monto: $123.45
Terminal: 74000025 | Merchant: 03659307
NII: 0721 | TPDU: 6007210000 | Host: ws1.prismamp.com:8443
Trace: 340184 | Ticket: 1706

--- REQUEST 0200 ---
    018A 6007 2100 0002 0032 3827 8020 C582
    3400 0000 0000 0001 2345 0603 1146 2734
    0184 1146 2706 0300 3200 7100 0007 2100
    3745 0799 0000 0064 54D2 8072 0145 6000
    0000 000F 3734 3030 3030 3235 3033 3635
    3933 3037 2020 2020 2020 2000 0131 0003
    3030 3130 3332 0244 3935 3035 3030 3030
    3030 3030 3030 3941 3033 3236 3036 3033
    3943 3031 3030 3946 3032 3036 3030 3030
    3030 3031 3233 3435 3946 3033 3036 3030
    3030 3030 3030 3030 3030 3946 3130 3037
    3036 3031 3132 3033 4130 3230 3030 3946
    3236 3038 3635 3843 4342 3435 3044 4337
    3937 4337 3946 3237 3031 3830 3946 3333
    3033 4530 4638 4338 3946 3334 3033 3346
    3030 3030 3946 3336 3032 3030 3539 3946
    3337 3034 4137 4445 3134 3442 3946 3145
    3038 3338 3335 3331 3330 3439 3433 3433
    3030 3946 3645 3034 3230 3730 3030 3030
    3834 3037 4130 3030 3030 3030 3033 3130
    3130 3546 3334 3031 3030 3832 3032 3230
    3030 3546 3241 3032 3030 3332 0028 3032
    3130 3030 3130 3034 3037 3037 3130 3630
    3030 3130 3034 3235 3339 0010 5041 5957
    4159 5F43 4F45 0004 3137 3036

--- RESPONSE 0210 ---
Codigo: H1 - Desconocido
TPDU: 6000000721 | MTI: 0210
Campos: [3, 4, 7, 11, 24, 37, 39, 41, 42, 48, 49, 63]
    -> F003: [000000]
    -> F004: [000000012345]
    -> F007: [0603114627]
    -> F011: [340184]
    -> F024: [0721]
    -> F037: [000000340184]
    -> F039: [H1]
    -> F041: [74000025]
    -> F042: [03659307       ]
    -> F048: [001]
    -> F049: [032]
    -> F063: [.Debt repayment solo rubros 6012 6051^]

HEX:
    6000 0007 2102 1032 2001 000A C180 0200
    0000 0000 0001 2345 0603 1146 2734 0184
    0721 3030 3030 3030 3334 3031 3834 4831
    3734 3030 3030 3235 3033 3635 3933 3037
    2020 2020 2020 2000 0330 3031 3033 3200
    382E 4465 6274 2072 6570 6179 6D65 6E74
    2073 6F6C 6F20 7275 6272 6F73 2036 3031
    3220 3630 3531 5E

============================================================

=== TXN #0007 2026-06-03 11:46:52 ===
Marca: Visa | Modo: contactless (MDI=L) | Monto: $999.99
Terminal: 74000025 | Merchant: 03659307
NII: 0721 | TPDU: 6007210000 | Host: ws1.prismamp.com:8443
Trace: 340185 | Ticket: 1707

--- REQUEST 0200 ---
    018A 6007 2100 0002 0032 3827 8020 C582
    3400 0000 0000 0009 9999 0603 1146 5234
    0185 1146 5206 0300 3200 7100 0007 2100
    3745 0799 0000 0064 54D2 8072 0145 6000
    0000 000F 3734 3030 3030 3235 3033 3635
    3933 3037 2020 2020 2020 2000 0131 0003
    3030 3130 3332 0244 3935 3035 3030 3030
    3030 3030 3030 3941 3033 3236 3036 3033
    3943 3031 3030 3946 3032 3036 3030 3030
    3030 3039 3939 3939 3946 3033 3036 3030
    3030 3030 3030 3030 3030 3946 3130 3037
    3036 3031 3132 3033 4130 3230 3030 3946
    3236 3038 4544 3844 3943 3736 3439 4539
    3044 4442 3946 3237 3031 3830 3946 3333
    3033 4530 4638 4338 3946 3334 3033 3346
    3030 3030 3946 3336 3032 3030 3541 3946
    3337 3034 3830 4236 4544 3233 3946 3145
    3038 3338 3335 3331 3330 3439 3433 3433
    3030 3946 3645 3034 3230 3730 3030 3030
    3834 3037 4130 3030 3030 3030 3033 3130
    3130 3546 3334 3031 3030 3832 3032 3230
    3030 3546 3241 3032 3030 3332 0028 3032
    3130 3030 3130 3034 3037 3037 3130 3630
    3030 3130 3034 3235 3339 0010 5041 5957
    4159 5F43 4F45 0004 3137 3037

--- RESPONSE 0210 ---
Codigo: H1 - Desconocido
TPDU: 6000000721 | MTI: 0210
Campos: [3, 4, 7, 11, 24, 37, 39, 41, 42, 48, 49, 63]
    -> F003: [000000]
    -> F004: [000000099999]
    -> F007: [0603114652]
    -> F011: [340185]
    -> F024: [0721]
    -> F037: [000000340185]
    -> F039: [H1]
    -> F041: [74000025]
    -> F042: [03659307       ]
    -> F048: [001]
    -> F049: [032]
    -> F063: [.Debt repayment solo rubros 6012 6051^]

HEX:
    6000 0007 2102 1032 2001 000A C180 0200
    0000 0000 0009 9999 0603 1146 5234 0185
    0721 3030 3030 3030 3334 3031 3835 4831
    3734 3030 3030 3235 3033 3635 3933 3037
    2020 2020 2020 2000 0330 3031 3033 3200
    382E 4465 6274 2072 6570 6179 6D65 6E74
    2073 6F6C 6F20 7275 6272 6F73 2036 3031
    3220 3630 3531 5E

============================================================

=== TXN #0008 2026-06-03 11:55:55 ===
Marca: Visa | Modo: contactless (MDI=L) | Monto: $999.99
Terminal: 74000025 | Merchant: 68935899
NII: 0721 | TPDU: 6007210000 | Host: ws1.prismamp.com:8443
Trace: 340186 | Ticket: 1708

--- REQUEST 0200 ---
    018A 6007 2100 0002 0032 3827 8020 C582
    3400 0000 0000 0009 9999 0603 1155 5534
    0186 1155 5506 0300 3200 7100 0007 2100
    3745 0799 0000 0064 54D2 8072 0145 6000
    0000 000F 3734 3030 3030 3235 3638 3933
    3538 3939 2020 2020 2020 2000 0131 0003
    3030 3130 3332 0244 3935 3035 3030 3030
    3030 3030 3030 3941 3033 3236 3036 3033
    3943 3031 3030 3946 3032 3036 3030 3030
    3030 3039 3939 3939 3946 3033 3036 3030
    3030 3030 3030 3030 3030 3946 3130 3037
    3036 3031 3132 3033 4130 3230 3030 3946
    3236 3038 4542 3734 3346 3742 4337 3333
    4630 3943 3946 3237 3031 3830 3946 3333
    3033 4530 4638 4338 3946 3334 3033 3346
    3030 3030 3946 3336 3032 3030 3542 3946
    3337 3034 4138 4446 3135 3443 3946 3145
    3038 3338 3335 3331 3330 3439 3433 3433
    3030 3946 3645 3034 3230 3730 3030 3030
    3834 3037 4130 3030 3030 3030 3033 3130
    3130 3546 3334 3031 3030 3832 3032 3230
    3030 3546 3241 3032 3030 3332 0028 3032
    3130 3030 3130 3034 3037 3037 3130 3630
    3030 3130 3034 3235 3339 0010 5041 5957
    4159 5F43 4F45 0004 3137 3038

--- RESPONSE 0210 ---
Codigo: 57 - Transacción no Permitida
TPDU: 6000000721 | MTI: 0210
Campos: [3, 4, 7, 11, 24, 37, 39, 41, 42, 48, 49, 63]
    -> F003: [000000]
    -> F004: [000000099999]
    -> F007: [0603115555]
    -> F011: [340186]
    -> F024: [0721]
    -> F037: [000000340186]
    -> F039: [57]
    -> F041: [74000025]
    -> F042: [68935899       ]
    -> F048: [001]
    -> F049: [032]
    -> F063: [.DEBT REPAYMENT NO OPERA CREDITO.]

HEX:
    6000 0007 2102 1032 2001 000A C180 0200
    0000 0000 0009 9999 0603 1155 5534 0186
    0721 3030 3030 3030 3334 3031 3836 3537
    3734 3030 3030 3235 3638 3933 3538 3939
    2020 2020 2020 2000 0330 3031 3033 3200
    332E 4445 4254 2052 4550 4159 4D45 4E54
    204E 4F20 4F50 4552 4120 4352 4544 4954
    4F2E

============================================================

=== TXN #0009 2026-06-03 12:02:50 ===
Marca: Visa | Modo: contactless (MDI=L) | Monto: $777.77
Terminal: 74000025 | Merchant: 68935899
NII: 0721 | TPDU: 6007210000 | Host: ws1.prismamp.com:8443
Trace: 340187 | Ticket: 1709

--- REQUEST 0200 ---
    018A 6007 2100 0002 0032 3827 8020 C582
    3400 0000 0000 0007 7777 0603 1202 5034
    0187 1202 5006 0300 3200 7100 0007 2100
    3748 1550 0005 6528 01D3 1072 2113 6000
    0000 000F 3734 3030 3030 3235 3638 3933
    3538 3939 2020 2020 2020 2000 0131 0003
    3030 3130 3332 0244 3935 3035 3030 3030
    3030 3030 3030 3941 3033 3236 3036 3033
    3943 3031 3030 3946 3032 3036 3030 3030
    3030 3037 3737 3737 3946 3033 3036 3030
    3030 3030 3030 3030 3030 3946 3130 3037
    3036 3031 3132 3033 4130 3238 3030 3946
    3236 3038 4143 4439 3043 3531 3738 3637
    4431 3631 3946 3237 3031 3830 3946 3333
    3033 4530 4638 4338 3946 3334 3033 3346
    3030 3030 3946 3336 3032 3030 3632 3946
    3337 3034 4444 3133 3441 3830 3946 3145
    3038 3338 3335 3331 3330 3439 3433 3433
    3030 3946 3645 3034 3230 3730 3030 3030
    3834 3037 4130 3030 3030 3030 3033 3130
    3130 3546 3334 3031 3030 3832 3032 3230
    3030 3546 3241 3032 3030 3332 0028 3032
    3130 3030 3130 3034 3037 3037 3130 3630
    3030 3130 3034 3235 3339 0010 5041 5957
    4159 5F43 4F45 0004 3137 3039

--- RESPONSE 0210 ---
Codigo: 91 - Emisor Fuera Línea
TPDU: 6000000721 | MTI: 0210
Campos: [3, 4, 7, 11, 24, 37, 39, 41, 42, 48, 49]
    -> F003: [000000]
    -> F004: [000000077777]
    -> F007: [0603120250]
    -> F011: [340187]
    -> F024: [0721]
    -> F037: [000000340187]
    -> F039: [91]
    -> F041: [74000025]
    -> F042: [68935899       ]
    -> F048: [001]
    -> F049: [032]

HEX:
    6000 0007 2102 1032 2001 000A C180 0000
    0000 0000 0007 7777 0603 1202 5034 0187
    0721 3030 3030 3030 3334 3031 3837 3931
    3734 3030 3030 3235 3638 3933 3538 3939
    2020 2020 2020 2000 0330 3031 3033 32

============================================================

=== TXN #0010 2026-06-03 12:03:06 ===
Marca: Visa | Modo: contactless (MDI=L) | Monto: $777.77
Terminal: 74000025 | Merchant: 68935899
NII: 0721 | TPDU: 6007210000 | Host: ws1.prismamp.com:8443
Trace: 340188 | Ticket: 1710

--- REQUEST 0200 ---
    018A 6007 2100 0002 0032 3827 8020 C582
    3400 0000 0000 0007 7777 0603 1203 0534
    0188 1203 0506 0300 3200 7100 0007 2100
    3748 1550 0005 6528 01D3 1072 2113 6000
    0000 000F 3734 3030 3030 3235 3638 3933
    3538 3939 2020 2020 2020 2000 0131 0003
    3030 3130 3332 0244 3935 3035 3030 3030
    3030 3030 3030 3941 3033 3236 3036 3033
    3943 3031 3030 3946 3032 3036 3030 3030
    3030 3037 3737 3737 3946 3033 3036 3030
    3030 3030 3030 3030 3030 3946 3130 3037
    3036 3031 3132 3033 4130 3238 3030 3946
    3236 3038 3834 3137 4537 4144 3441 3942
    4634 4434 3946 3237 3031 3830 3946 3333
    3033 4530 4638 4338 3946 3334 3033 3346
    3030 3030 3946 3336 3032 3030 3633 3946
    3337 3034 4235 4542 3232 3538 3946 3145
    3038 3338 3335 3331 3330 3439 3433 3433
    3030 3946 3645 3034 3230 3730 3030 3030
    3834 3037 4130 3030 3030 3030 3033 3130
    3130 3546 3334 3031 3030 3832 3032 3230
    3030 3546 3241 3032 3030 3332 0028 3032
    3130 3030 3130 3034 3037 3037 3130 3630
    3030 3130 3034 3235 3339 0010 5041 5957
    4159 5F43 4F45 0004 3137 3130

--- RESPONSE 0210 ---
Codigo: 91 - Emisor Fuera Línea
TPDU: 6000000721 | MTI: 0210
Campos: [3, 4, 7, 11, 24, 37, 39, 41, 42, 48, 49]
    -> F003: [000000]
    -> F004: [000000077777]
    -> F007: [0603120305]
    -> F011: [340188]
    -> F024: [0721]
    -> F037: [000000340188]
    -> F039: [91]
    -> F041: [74000025]
    -> F042: [68935899       ]
    -> F048: [001]
    -> F049: [032]

HEX:
    6000 0007 2102 1032 2001 000A C180 0000
    0000 0000 0007 7777 0603 1203 0534 0188
    0721 3030 3030 3030 3334 3031 3838 3931
    3734 3030 3030 3235 3638 3933 3538 3939
    2020 2020 2020 2000 0330 3031 3033 32

============================================================

=== TXN #0011 2026-06-03 12:06:17 ===
Marca: Visa | Modo: contactless (MDI=L) | Monto: $555.55
Terminal: 74000025 | Merchant: 68935899
NII: 0721 | TPDU: 6007210000 | Host: ws1.prismamp.com:8443
Trace: 340189 | Ticket: 1711

--- REQUEST 0200 ---
    018A 6007 2100 0002 0032 3827 8020 C582
    3400 0000 0000 0005 5555 0603 1206 1634
    0189 1206 1606 0300 3200 7100 0007 2100
    3748 1550 0005 6528 01D3 1072 2113 6000
    0000 000F 3734 3030 3030 3235 3638 3933
    3538 3939 2020 2020 2020 2000 0131 0003
    3030 3130 3332 0244 3935 3035 3030 3030
    3030 3030 3030 3941 3033 3236 3036 3033
    3943 3031 3030 3946 3032 3036 3030 3030
    3030 3035 3535 3535 3946 3033 3036 3030
    3030 3030 3030 3030 3030 3946 3130 3037
    3036 3031 3132 3033 4130 3238 3030 3946
    3236 3038 3646 4331 3833 3543 3735 4630
    3533 4634 3946 3237 3031 3830 3946 3333
    3033 4530 4638 4338 3946 3334 3033 3346
    3030 3030 3946 3336 3032 3030 3634 3946
    3337 3034 3338 3646 4135 4443 3946 3145
    3038 3338 3335 3331 3330 3439 3433 3433
    3030 3946 3645 3034 3230 3730 3030 3030
    3834 3037 4130 3030 3030 3030 3033 3130
    3130 3546 3334 3031 3030 3832 3032 3230
    3030 3546 3241 3032 3030 3332 0028 3032
    3130 3030 3130 3034 3037 3037 3130 3630
    3030 3130 3034 3235 3339 0010 5041 5957
    4159 5F43 4F45 0004 3137 3131

--- RESPONSE 0210 ---
Codigo: 91 - Emisor Fuera Línea
TPDU: 6000000721 | MTI: 0210
Campos: [3, 4, 7, 11, 24, 37, 39, 41, 42, 48, 49]
    -> F003: [000000]
    -> F004: [000000055555]
    -> F007: [0603120616]
    -> F011: [340189]
    -> F024: [0721]
    -> F037: [000000340189]
    -> F039: [91]
    -> F041: [74000025]
    -> F042: [68935899       ]
    -> F048: [001]
    -> F049: [032]

HEX:
    6000 0007 2102 1032 2001 000A C180 0000
    0000 0000 0005 5555 0603 1206 1634 0189
    0721 3030 3030 3030 3334 3031 3839 3931
    3734 3030 3030 3235 3638 3933 3538 3939
    2020 2020 2020 2000 0330 3031 3033 32

============================================================

=== TXN #0012 2026-06-03 12:06:58 ===
Marca: Visa | Modo: contactless (MDI=L) | Monto: $555.55
Terminal: 74000025 | Merchant: 03659307
NII: 0721 | TPDU: 6007210000 | Host: ws1.prismamp.com:8443
Trace: 340190 | Ticket: 1712

--- REQUEST 0200 ---
    017C 6007 2100 0002 0032 3827 8020 C582
    3400 0000 0000 0005 5555 0603 1206 5734
    0190 1206 5706 0300 3200 7100 0007 2100
    3748 1550 0005 6528 01D3 1072 2113 6000
    0000 000F 3734 3030 3030 3235 3033 3635
    3933 3037 2020 2020 2020 2000 0131 0003
    3030 3130 3332 0244 3935 3035 3030 3030
    3030 3030 3030 3941 3033 3236 3036 3033
    3943 3031 3030 3946 3032 3036 3030 3030
    3030 3035 3535 3535 3946 3033 3036 3030
    3030 3030 3030 3030 3030 3946 3130 3037
    3036 3031 3132 3033 4130 3238 3030 3946
    3236 3038 3735 4443 3133 3731 3546 3135
    4443 4539 3946 3237 3031 3830 3946 3333
    3033 4530 4638 4338 3946 3334 3033 3346
    3030 3030 3946 3336 3032 3030 3635 3946
    3337 3034 4441 3130 3437 3744 3946 3145
    3038 3338 3335 3331 3330 3439 3433 3433
    3030 3946 3645 3034 3230 3730 3030 3030
    3834 3037 4130 3030 3030 3030 3033 3130
    3130 3546 3334 3031 3030 3832 3032 3230
    3030 3546 3241 3032 3030 3332 0014 3032
    3130 3030 3130 3034 3037 3037 0010 5041
    5957 4159 5F43 4F45 0004 3137 3132

--- RESPONSE 0210 ---
Codigo: 00 - Aprobada (authno)
TPDU: 6000000721 | MTI: 0210
Campos: [3, 4, 7, 11, 24, 37, 38, 39, 41, 42, 48, 49, 55]
    -> F003: [000000]
    -> F004: [000000055555]
    -> F007: [0603120657]
    -> F011: [340190]
    -> F024: [0721]
    -> F037: [000000340190]
    -> F038: [014712]
    -> F039: [00]
    -> F041: [74000025]
    -> F042: [03659307       ]
    -> F048: [001]
    -> F049: [032]
    -> F055: [91087ECC2A9700860000]

HEX:
    6000 0007 2102 1032 2001 000E C182 0000
    0000 0000 0005 5555 0603 1206 5734 0190
    0721 3030 3030 3030 3334 3031 3930 3031
    3437 3132 3030 3734 3030 3030 3235 3033
    3635 3933 3037 2020 2020 2020 2000 0330
    3031 3033 3200 2039 3130 3837 4543 4332
    4139 3730 3038 3630 3030 30

============================================================

=== TXN #0013 2026-06-03 12:07:43 ===
Marca: Visa | Modo: contactless (MDI=L) | Monto: $200.00
Terminal: 74000025 | Merchant: 03659307
NII: 0721 | TPDU: 6007210000 | Host: ws1.prismamp.com:8443
Trace: 340191 | Ticket: 1713

--- REQUEST 0200 ---
    017C 6007 2100 0002 0032 3827 8020 C582
    3400 0000 0000 0002 0000 0603 1207 4334
    0191 1207 4306 0300 3200 7100 0007 2100
    3748 1550 0005 6528 01D3 1072 2113 6000
    0000 000F 3734 3030 3030 3235 3033 3635
    3933 3037 2020 2020 2020 2000 0131 0003
    3030 3130 3332 0244 3935 3035 3030 3030
    3030 3030 3030 3941 3033 3236 3036 3033
    3943 3031 3030 3946 3032 3036 3030 3030
    3030 3032 3030 3030 3946 3033 3036 3030
    3030 3030 3030 3030 3030 3946 3130 3037
    3036 3031 3132 3033 4130 3238 3030 3946
    3236 3038 4438 4244 3730 3545 3834 4338
    3242 3230 3946 3237 3031 3830 3946 3333
    3033 4530 4638 4338 3946 3334 3033 3346
    3030 3030 3946 3336 3032 3030 3636 3946
    3337 3034 3435 3743 4232 4539 3946 3145
    3038 3338 3335 3331 3330 3439 3433 3433
    3030 3946 3645 3034 3230 3730 3030 3030
    3834 3037 4130 3030 3030 3030 3033 3130
    3130 3546 3334 3031 3030 3832 3032 3230
    3030 3546 3241 3032 3030 3332 0014 3032
    3130 3030 3130 3034 3037 3037 0010 5041
    5957 4159 5F43 4F45 0004 3137 3133

--- RESPONSE 0210 ---
Codigo: 00 - Aprobada (authno)
TPDU: 6000000721 | MTI: 0210
Campos: [3, 4, 7, 11, 24, 37, 38, 39, 41, 42, 48, 49, 55]
    -> F003: [000000]
    -> F004: [000000020000]
    -> F007: [0603120743]
    -> F011: [340191]
    -> F024: [0721]
    -> F037: [000000340191]
    -> F038: [028512]
    -> F039: [00]
    -> F041: [74000025]
    -> F042: [03659307       ]
    -> F048: [001]
    -> F049: [032]
    -> F055: [9108DF2303A500860000]

HEX:
    6000 0007 2102 1032 2001 000E C182 0000
    0000 0000 0002 0000 0603 1207 4334 0191
    0721 3030 3030 3030 3334 3031 3931 3032
    3835 3132 3030 3734 3030 3030 3235 3033
    3635 3933 3037 2020 2020 2020 2000 0330
    3031 3033 3200 2039 3130 3844 4632 3330
    3341 3530 3038 3630 3030 30

============================================================

=== TXN #0014 2026-06-03 12:09:35 ===
Marca: Visa | Modo: contactless (MDI=L) | Monto: $200.00
Terminal: 74000025 | Merchant: 03659307
NII: 0721 | TPDU: 6007210000 | Host: ws1.prismamp.com:8443
Trace: 340192 | Ticket: 1714

--- REQUEST 0200 ---
    017C 6007 2100 0002 0032 3827 8020 C582
    3400 0000 0000 0002 0000 0603 1209 3534
    0192 1209 3506 0300 3200 7100 0007 2100
    3748 1550 0005 6528 01D3 1072 2113 6000
    0000 000F 3734 3030 3030 3235 3033 3635
    3933 3037 2020 2020 2020 2000 0131 0003
    3030 3130 3332 0244 3935 3035 3030 3030
    3030 3030 3030 3941 3033 3236 3036 3033
    3943 3031 3039 3946 3032 3036 3030 3030
    3030 3032 3030 3030 3946 3033 3036 3030
    3030 3030 3031 3030 3030 3946 3130 3037
    3036 3031 3132 3033 4130 3238 3030 3946
    3236 3038 3143 3634 3532 3835 3537 3139
    3744 3443 3946 3237 3031 3830 3946 3333
    3033 4530 4638 4338 3946 3334 3033 3346
    3030 3030 3946 3336 3032 3030 3637 3946
    3337 3034 3842 4332 4638 3246 3946 3145
    3038 3338 3335 3331 3330 3439 3433 3433
    3030 3946 3645 3034 3230 3730 3030 3030
    3834 3037 4130 3030 3030 3030 3033 3130
    3130 3546 3334 3031 3030 3832 3032 3230
    3030 3546 3241 3032 3030 3332 0014 3032
    3130 3030 3130 3034 3037 3037 0010 5041
    5957 4159 5F43 4F45 0004 3137 3134

--- RESPONSE 0210 ---
Codigo: 00 - Aprobada (authno)
TPDU: 6000000721 | MTI: 0210
Campos: [3, 4, 7, 11, 24, 37, 38, 39, 41, 42, 48, 49, 55]
    -> F003: [000000]
    -> F004: [000000020000]
    -> F007: [0603120935]
    -> F011: [340192]
    -> F024: [0721]
    -> F037: [000000340192]
    -> F038: [014712]
    -> F039: [00]
    -> F041: [74000025]
    -> F042: [03659307       ]
    -> F048: [001]
    -> F049: [032]
    -> F055: [91083B96E1F100860000]

HEX:
    6000 0007 2102 1032 2001 000E C182 0000
    0000 0000 0002 0000 0603 1209 3534 0192
    0721 3030 3030 3030 3334 3031 3932 3031
    3437 3132 3030 3734 3030 3030 3235 3033
    3635 3933 3037 2020 2020 2020 2000 0330
    3031 3033 3200 2039 3130 3833 4239 3645
    3146 3130 3038 3630 3030 30

============================================================

=== TXN #0015 2026-06-03 12:51:04 ===
Marca: Visa | Modo: contactless (MDI=L) | Monto: $123.45
Terminal: 74000025 | Merchant: 03659307
NII: 0721 | TPDU: 6007210000 | Host: ws1.prismamp.com:8443
Trace: 482859 | Ticket: 0903

--- REQUEST 0200 ---
    017C 6007 2100 0002 0032 3827 8020 C582
    3400 0000 0000 0001 2345 0603 1251 0448
    2859 1251 0406 0300 3200 7100 0007 2100
    3748 1550 0005 6528 01D3 1072 2113 6000
    0000 000F 3734 3030 3030 3235 3033 3635
    3933 3037 2020 2020 2020 2000 0131 0003
    3030 3130 3332 0244 3935 3035 3030 3030
    3030 3030 3030 3941 3033 3236 3036 3033
    3943 3031 3030 3946 3032 3036 3030 3030
    3030 3031 3233 3435 3946 3033 3036 3030
    3030 3030 3030 3030 3030 3946 3130 3037
    3036 3031 3132 3033 4130 3238 3030 3946
    3236 3038 4333 4543 3534 4239 3831 3733
    3534 3346 3946 3237 3031 3830 3946 3333
    3033 4530 4638 4338 3946 3334 3033 3346
    3030 3030 3946 3336 3032 3030 3638 3946
    3337 3034 4636 3243 3633 3939 3946 3145
    3038 3338 3335 3331 3330 3439 3433 3433
    3030 3946 3645 3034 3230 3730 3030 3030
    3834 3037 4130 3030 3030 3030 3033 3130
    3130 3546 3334 3031 3030 3832 3032 3230
    3030 3546 3241 3032 3030 3332 0014 3032
    3130 3030 3130 3034 3037 3037 0010 5041
    5957 4159 5F43 4F45 0004 3039 3033

--- RESPONSE 0210 ---
Codigo: 00 - Aprobada (authno)
TPDU: 6000000721 | MTI: 0210
Campos: [3, 4, 7, 11, 24, 37, 38, 39, 41, 42, 48, 49, 55]
    -> F003: [000000]
    -> F004: [000000012345]
    -> F007: [0603125104]
    -> F011: [482859]
    -> F024: [0721]
    -> F037: [000000482859]
    -> F038: [018512]
    -> F039: [00]
    -> F041: [74000025]
    -> F042: [03659307       ]
    -> F048: [001]
    -> F049: [032]
    -> F055: [91089D6FD16B00860000]

HEX:
    6000 0007 2102 1032 2001 000E C182 0000
    0000 0000 0001 2345 0603 1251 0448 2859
    0721 3030 3030 3030 3438 3238 3539 3031
    3835 3132 3030 3734 3030 3030 3235 3033
    3635 3933 3037 2020 2020 2020 2000 0330
    3031 3033 3200 2039 3130 3839 4436 4644
    3136 4230 3038 3630 3030 30

============================================================

=== TXN #0016 2026-06-03 12:51:41 ===
Marca: Visa | Modo: contactless (MDI=L) | Monto: $400.00
Terminal: 74000025 | Merchant: 03659307
NII: 0721 | TPDU: 6007210000 | Host: ws1.prismamp.com:8443
Trace: 482860 | Ticket: 0904

--- REQUEST 0200 ---
    017C 6007 2100 0002 0032 3827 8020 C582
    3400 0000 0000 0004 0000 0603 1251 4148
    2860 1251 4106 0300 3200 7100 0007 2100
    3748 1550 0005 6528 01D3 1072 2113 6000
    0000 000F 3734 3030 3030 3235 3033 3635
    3933 3037 2020 2020 2020 2000 0131 0003
    3030 3130 3332 0244 3935 3035 3030 3030
    3030 3030 3030 3941 3033 3236 3036 3033
    3943 3031 3030 3946 3032 3036 3030 3030
    3030 3034 3030 3030 3946 3033 3036 3030
    3030 3030 3030 3030 3030 3946 3130 3037
    3036 3031 3132 3033 4130 3238 3030 3946
    3236 3038 4539 3833 4134 3634 3642 3634
    3335 4442 3946 3237 3031 3830 3946 3333
    3033 4530 4638 4338 3946 3334 3033 3346
    3030 3030 3946 3336 3032 3030 3639 3946
    3337 3034 3743 4233 4539 3230 3946 3145
    3038 3338 3335 3331 3330 3439 3433 3433
    3030 3946 3645 3034 3230 3730 3030 3030
    3834 3037 4130 3030 3030 3030 3033 3130
    3130 3546 3334 3031 3030 3832 3032 3230
    3030 3546 3241 3032 3030 3332 0014 3032
    3130 3030 3130 3034 3037 3037 0010 5041
    5957 4159 5F43 4F45 0004 3039 3034

--- RESPONSE 0210 ---
Codigo: 00 - Aprobada (authno)
TPDU: 6000000721 | MTI: 0210
Campos: [3, 4, 7, 11, 24, 37, 38, 39, 41, 42, 48, 49, 55]
    -> F003: [000000]
    -> F004: [000000040000]
    -> F007: [0603125141]
    -> F011: [482860]
    -> F024: [0721]
    -> F037: [000000482860]
    -> F038: [068588]
    -> F039: [00]
    -> F041: [74000025]
    -> F042: [03659307       ]
    -> F048: [001]
    -> F049: [032]
    -> F055: [9108FF6D310900860000]

HEX:
    6000 0007 2102 1032 2001 000E C182 0000
    0000 0000 0004 0000 0603 1251 4148 2860
    0721 3030 3030 3030 3438 3238 3630 3036
    3835 3838 3030 3734 3030 3030 3235 3033
    3635 3933 3037 2020 2020 2020 2000 0330
    3031 3033 3200 2039 3130 3846 4636 4433
    3130 3930 3038 3630 3030 30

============================================================

=== TXN #0017 2026-06-03 12:52:06 ===
Marca: Visa | Modo: contactless (MDI=L) | Monto: $600.00
Terminal: 74000025 | Merchant: 03659307
NII: 0721 | TPDU: 6007210000 | Host: ws1.prismamp.com:8443
Trace: 482861 | Ticket: 0905

--- REQUEST 0200 ---
    018A 6007 2100 0002 0032 3827 8020 C586
    3409 0000 0000 0006 0000 0603 1252 0548
    2861 1252 0506 0300 3200 7100 0007 2100
    3748 1550 0005 6528 01D3 1072 2113 6000
    0000 000F 3734 3030 3030 3235 3033 3635
    3933 3037 2020 2020 2020 2000 0131 0003
    3030 3130 3332 0012 3030 3030 3030 3033
    3530 3030 0244 3935 3035 3030 3030 3030
    3030 3030 3941 3033 3236 3036 3033 3943
    3031 3039 3946 3032 3036 3030 3030 3030
    3036 3030 3030 3946 3033 3036 3030 3030
    3030 3033 3530 3030 3946 3130 3037 3036
    3031 3132 3033 4130 3238 3030 3946 3236
    3038 3230 3934 3534 3639 4235 3432 3435
    4545 3946 3237 3031 3830 3946 3333 3033
    4530 4638 4338 3946 3334 3033 3346 3030
    3030 3946 3336 3032 3030 3641 3946 3337
    3034 4232 4539 3146 3536 3946 3145 3038
    3338 3335 3331 3330 3439 3433 3433 3030
    3946 3645 3034 3230 3730 3030 3030 3834
    3037 4130 3030 3030 3030 3033 3130 3130
    3546 3334 3031 3030 3832 3032 3230 3030
    3546 3241 3032 3030 3332 0014 3032 3130
    3030 3130 3034 3037 3037 0010 5041 5957
    4159 5F43 4F45 0004 3039 3035

--- RESPONSE 0210 ---
Codigo: 00 - Aprobada (authno)
TPDU: 6000000721 | MTI: 0210
Campos: [3, 4, 7, 11, 24, 37, 38, 39, 41, 42, 48, 49, 55]
    -> F003: [090000]
    -> F004: [000000060000]
    -> F007: [0603125205]
    -> F011: [482861]
    -> F024: [0721]
    -> F037: [000000482861]
    -> F038: [071930]
    -> F039: [00]
    -> F041: [74000025]
    -> F042: [03659307       ]
    -> F048: [001]
    -> F049: [032]
    -> F055: [91084B9B18E600860000]

HEX:
    6000 0007 2102 1032 2001 000E C182 0009
    0000 0000 0006 0000 0603 1252 0548 2861
    0721 3030 3030 3030 3438 3238 3631 3037
    3139 3330 3030 3734 3030 3030 3235 3033
    3635 3933 3037 2020 2020 2020 2000 0330
    3031 3033 3200 2039 3130 3834 4239 4231
    3845 3630 3038 3630 3030 30

============================================================

=== TXN #0018 2026-06-03 14:39:46 ===
Marca: Visa | Modo: contactless (MDI=L) | Monto: $600.00
Terminal: 74000025 | Merchant: 68935899
NII: 0721 | TPDU: 6007210000 | Host: ws1.prismamp.com:8443
Trace: 482862 | Ticket: 0906

--- REQUEST 0200 ---
    0198 6007 2100 0002 0032 3827 8020 C586
    3409 0000 0000 0006 0000 0603 1439 4648
    2862 1439 4606 0300 3200 7100 0007 2100
    3748 1550 0005 6528 01D3 1072 2113 6000
    0000 000F 3734 3030 3030 3235 3638 3933
    3538 3939 2020 2020 2020 2000 0131 0003
    3030 3130 3332 0012 3030 3030 3030 3033
    3530 3030 0244 3935 3035 3030 3030 3030
    3030 3030 3941 3033 3236 3036 3033 3943
    3031 3039 3946 3032 3036 3030 3030 3030
    3036 3030 3030 3946 3033 3036 3030 3030
    3030 3033 3530 3030 3946 3130 3037 3036
    3031 3132 3033 4130 3238 3030 3946 3236
    3038 3741 3631 4331 3435 4646 3243 3736
    4532 3946 3237 3031 3830 3946 3333 3033
    4530 4638 4338 3946 3334 3033 3346 3030
    3030 3946 3336 3032 3030 3642 3946 3337
    3034 4131 4438 3045 3435 3946 3145 3038
    3338 3335 3331 3330 3439 3433 3433 3030
    3946 3645 3034 3230 3730 3030 3030 3834
    3037 4130 3030 3030 3030 3033 3130 3130
    3546 3334 3031 3030 3832 3032 3230 3030
    3546 3241 3032 3030 3332 0028 3032 3130
    3030 3130 3034 3037 3037 3130 3630 3030
    3130 3034 3235 3339 0010 5041 5957 4159
    5F43 4F45 0004 3039 3036

--- RESPONSE 0210 ---
Codigo: 98 - Desincronización de Working Key
TPDU: 6000000721 | MTI: 0210
Campos: [3, 4, 7, 11, 24, 37, 39, 41, 42, 48, 49, 63]
    -> F003: [090000]
    -> F004: [000000060000]
    -> F007: [0603143946]
    -> F011: [482862]
    -> F024: [0721]
    -> F037: [000000482862]
    -> F039: [98]
    -> F041: [74000025]
    -> F042: [68935899       ]
    -> F048: [001]
    -> F049: [032]
    -> F063: [.COMERCIO NO OPERA CON CASH BACK]

HEX:
    6000 0007 2102 1032 2001 000A C180 0209
    0000 0000 0006 0000 0603 1439 4648 2862
    0721 3030 3030 3030 3438 3238 3632 3938
    3734 3030 3030 3235 3638 3933 3538 3939
    2020 2020 2020 2000 0330 3031 3033 3200
    322E 434F 4D45 5243 494F 204E 4F20 4F50
    4552 4120 434F 4E20 4341 5348 2042 4143
    4B

============================================================

=== TXN #0019 2026-06-03 14:52:12 ===
Marca: Visa | Modo: contactless (MDI=L) | Monto: $250.00
Terminal: 74000025 | Merchant: 68935899
NII: 0721 | TPDU: 6007210000 | Host: ws1.prismamp.com:8443
Trace: 482863 | Ticket: 0907

--- REQUEST 0200 ---
    018A 6007 2100 0002 0032 3827 8020 C582
    3400 0000 0000 0002 5000 0603 1452 1248
    2863 1452 1206 0300 3200 7100 0007 2100
    3748 1550 0005 6528 01D3 1072 2113 6000
    0000 000F 3734 3030 3030 3235 3638 3933
    3538 3939 2020 2020 2020 2000 0131 0003
    3030 3130 3332 0244 3935 3035 3030 3030
    3030 3030 3030 3941 3033 3236 3036 3033
    3943 3031 3030 3946 3032 3036 3030 3030
    3030 3032 3530 3030 3946 3033 3036 3030
    3030 3030 3030 3030 3030 3946 3130 3037
    3036 3031 3132 3033 4130 3238 3030 3946
    3236 3038 3938 4335 3441 3535 4634 3030
    4235 4539 3946 3237 3031 3830 3946 3333
    3033 4530 4638 4338 3946 3334 3033 3346
    3030 3030 3946 3336 3032 3030 3643 3946
    3337 3034 3446 3835 4243 4632 3946 3145
    3038 3338 3335 3331 3330 3439 3433 3433
    3030 3946 3645 3034 3230 3730 3030 3030
    3834 3037 4130 3030 3030 3030 3033 3130
    3130 3546 3334 3031 3030 3832 3032 3230
    3030 3546 3241 3032 3030 3332 0028 3032
    3130 3030 3130 3034 3037 3037 3130 3630
    3030 3130 3034 3235 3339 0010 5041 5957
    4159 5F43 4F45 0004 3039 3037

--- RESPONSE 0210 ---
Codigo: 91 - Emisor Fuera Línea
TPDU: 6000000721 | MTI: 0210
Campos: [3, 4, 7, 11, 24, 37, 39, 41, 42, 48, 49]
    -> F003: [000000]
    -> F004: [000000025000]
    -> F007: [0603145212]
    -> F011: [482863]
    -> F024: [0721]
    -> F037: [000000482863]
    -> F039: [91]
    -> F041: [74000025]
    -> F042: [68935899       ]
    -> F048: [001]
    -> F049: [032]

HEX:
    6000 0007 2102 1032 2001 000A C180 0000
    0000 0000 0002 5000 0603 1452 1248 2863
    0721 3030 3030 3030 3438 3238 3633 3931
    3734 3030 3030 3235 3638 3933 3538 3939
    2020 2020 2020 2000 0330 3031 3033 32

============================================================

=== TXN #0020 2026-06-03 15:01:11 ===
Marca: Visa | Modo: contactless (MDI=L) | Monto: $250.00
Terminal: 74000025 | Merchant: 03659307
NII: 0721 | TPDU: 6007210000 | Host: ws1.prismamp.com:8443
Trace: 482864 | Ticket: 0908

--- REQUEST 0200 ---
    018A 6007 2100 0002 0032 3827 8020 C582
    3400 0000 0000 0002 5000 0603 1501 1148
    2864 1501 1106 0300 3200 7100 0007 2100
    3748 1550 0005 6528 01D3 1072 2113 6000
    0000 000F 3734 3030 3030 3235 3033 3635
    3933 3037 2020 2020 2020 2000 0131 0003
    3030 3130 3332 0244 3935 3035 3030 3030
    3030 3030 3030 3941 3033 3236 3036 3033
    3943 3031 3030 3946 3032 3036 3030 3030
    3030 3032 3530 3030 3946 3033 3036 3030
    3030 3030 3030 3030 3030 3946 3130 3037
    3036 3031 3132 3033 4130 3238 3030 3946
    3236 3038 3030 3143 4430 3541 4635 4245
    4441 3838 3946 3237 3031 3830 3946 3333
    3033 4530 4638 4338 3946 3334 3033 3346
    3030 3030 3946 3336 3032 3030 3644 3946
    3337 3034 3938 4345 3035 3342 3946 3145
    3038 3338 3335 3331 3330 3439 3433 3433
    3030 3946 3645 3034 3230 3730 3030 3030
    3834 3037 4130 3030 3030 3030 3033 3130
    3130 3546 3334 3031 3030 3832 3032 3230
    3030 3546 3241 3032 3030 3332 0028 3032
    3130 3030 3130 3034 3037 3037 3130 3630
    3030 3130 3034 3235 3339 0010 5041 5957
    4159 5F43 4F45 0004 3039 3038

--- RESPONSE 0210 ---
Codigo: H1 - Desconocido
TPDU: 6000000721 | MTI: 0210
Campos: [3, 4, 7, 11, 24, 37, 39, 41, 42, 48, 49, 63]
    -> F003: [000000]
    -> F004: [000000025000]
    -> F007: [0603150111]
    -> F011: [482864]
    -> F024: [0721]
    -> F037: [000000482864]
    -> F039: [H1]
    -> F041: [74000025]
    -> F042: [03659307       ]
    -> F048: [001]
    -> F049: [032]
    -> F063: [.Debt repayment solo rubros 6012 6051^]

HEX:
    6000 0007 2102 1032 2001 000A C180 0200
    0000 0000 0002 5000 0603 1501 1148 2864
    0721 3030 3030 3030 3438 3238 3634 4831
    3734 3030 3030 3235 3033 3635 3933 3037
    2020 2020 2020 2000 0330 3031 3033 3200
    382E 4465 6274 2072 6570 6179 6D65 6E74
    2073 6F6C 6F20 7275 6272 6F73 2036 3031
    3220 3630 3531 5E

============================================================

=== TXN #0021 2026-06-03 16:13:14 ===
Marca: Visa | Modo: contactless (MDI=L) | Monto: $123.45
Terminal: 74000025 | Merchant: 68935899
NII: 0721 | TPDU: 6007210000 | Host: ws1.prismamp.com:8443
Trace: 364371 | Ticket: 3188

--- REQUEST 0200 ---
    018A 6007 2100 0002 0032 3827 8020 C582
    3400 0000 0000 0001 2345 0603 1613 1336
    4371 1613 1306 0300 3200 7100 0007 2100
    3748 1550 0005 6528 01D3 1072 2113 6000
    0000 000F 3734 3030 3030 3235 3638 3933
    3538 3939 2020 2020 2020 2000 0131 0003
    3030 3130 3332 0244 3935 3035 3030 3030
    3030 3030 3030 3941 3033 3236 3036 3033
    3943 3031 3030 3946 3032 3036 3030 3030
    3030 3031 3233 3435 3946 3033 3036 3030
    3030 3030 3030 3030 3030 3946 3130 3037
    3036 3031 3132 3033 4130 3238 3030 3946
    3236 3038 4436 4646 3038 4239 3035 4543
    3844 3137 3946 3237 3031 3830 3946 3333
    3033 4530 4638 4338 3946 3334 3033 3346
    3030 3030 3946 3336 3032 3030 3730 3946
    3337 3034 3836 4244 4633 3241 3946 3145
    3038 3338 3335 3331 3330 3439 3433 3433
    3030 3946 3645 3034 3230 3730 3030 3030
    3834 3037 4130 3030 3030 3030 3033 3130
    3130 3546 3334 3031 3030 3832 3032 3230
    3030 3546 3241 3032 3030 3332 0028 3032
    3130 3030 3130 3034 3037 3037 3130 3630
    3030 3130 3034 3235 3339 0010 5041 5957
    4159 5F43 4F45 0004 3331 3838

--- RESPONSE 0210 ---
Codigo: 00 - Aprobada (authno)
TPDU: 6000000721 | MTI: 0210
Campos: [3, 4, 7, 11, 24, 37, 38, 39, 41, 42, 48, 49, 55]
    -> F003: [000000]
    -> F004: [000000012345]
    -> F007: [0603161313]
    -> F011: [364371]
    -> F024: [0721]
    -> F037: [000000364371]
    -> F038: [061959]
    -> F039: [00]
    -> F041: [74000025]
    -> F042: [68935899       ]
    -> F048: [001]
    -> F049: [032]
    -> F055: [910854A918EB00860000]

HEX:
    6000 0007 2102 1032 2001 000E C182 0000
    0000 0000 0001 2345 0603 1613 1336 4371
    0721 3030 3030 3030 3336 3433 3731 3036
    3139 3539 3030 3734 3030 3030 3235 3638
    3933 3538 3939 2020 2020 2020 2000 0330
    3031 3033 3200 2039 3130 3835 3441 3931
    3845 4230 3038 3630 3030 30

============================================================

=== TXN #0022 2026-06-03 16:20:07 ===
Marca: Visa | Modo: contactless (MDI=L) | Monto: $450.00
Terminal: 74000025 | Merchant: 68935899
NII: 0721 | TPDU: 6007210000 | Host: ws1.prismamp.com:8443
Trace: 364372 | Ticket: 3189

--- REQUEST 0200 ---
    0198 6007 2100 0002 0032 3827 8020 C586
    3409 0000 0000 0004 5000 0603 1620 0736
    4372 1620 0706 0300 3200 7100 0007 2100
    3748 1550 0005 6528 01D3 1072 2113 6000
    0000 000F 3734 3030 3030 3235 3638 3933
    3538 3939 2020 2020 2020 2000 0131 0003
    3030 3130 3332 0012 3030 3030 3030 3031
    3530 3030 0244 3935 3035 3030 3030 3030
    3030 3030 3941 3033 3236 3036 3033 3943
    3031 3039 3946 3032 3036 3030 3030 3030
    3034 3530 3030 3946 3033 3036 3030 3030
    3030 3031 3530 3030 3946 3130 3037 3036
    3031 3132 3033 4130 3238 3030 3946 3236
    3038 3536 3136 3730 3143 4444 3439 3041
    3433 3946 3237 3031 3830 3946 3333 3033
    4530 4638 4338 3946 3334 3033 3346 3030
    3030 3946 3336 3032 3030 3731 3946 3337
    3034 4341 3031 3337 3645 3946 3145 3038
    3338 3335 3331 3330 3439 3433 3433 3030
    3946 3645 3034 3230 3730 3030 3030 3834
    3037 4130 3030 3030 3030 3033 3130 3130
    3546 3334 3031 3030 3832 3032 3230 3030
    3546 3241 3032 3030 3332 0028 3032 3130
    3030 3130 3034 3037 3037 3130 3630 3030
    3130 3034 3235 3339 0010 5041 5957 4159
    5F43 4F45 0004 3331 3839

--- RESPONSE 0210 ---
Codigo: 98 - Desincronización de Working Key
TPDU: 6000000721 | MTI: 0210
Campos: [3, 4, 7, 11, 24, 37, 39, 41, 42, 48, 49, 63]
    -> F003: [090000]
    -> F004: [000000045000]
    -> F007: [0603162007]
    -> F011: [364372]
    -> F024: [0721]
    -> F037: [000000364372]
    -> F039: [98]
    -> F041: [74000025]
    -> F042: [68935899       ]
    -> F048: [001]
    -> F049: [032]
    -> F063: [.COMERCIO NO OPERA CON CASH BACK]

HEX:
    6000 0007 2102 1032 2001 000A C180 0209
    0000 0000 0004 5000 0603 1620 0736 4372
    0721 3030 3030 3030 3336 3433 3732 3938
    3734 3030 3030 3235 3638 3933 3538 3939
    2020 2020 2020 2000 0330 3031 3033 3200
    322E 434F 4D45 5243 494F 204E 4F20 4F50
    4552 4120 434F 4E20 4341 5348 2042 4143
    4B

============================================================

=== TXN #0023 2026-06-03 16:51:28 ===
Marca: Visa | Modo: contactless (MDI=L) | Monto: $300.00
Terminal: 74000025 | Merchant: 68935899
NII: 0721 | TPDU: 6007210000 | Host: ws1.prismamp.com:8443
Trace: 364373 | Ticket: 3190

--- REQUEST 0200 ---
    018A 6007 2100 0002 0032 3827 8020 C582
    3400 0000 0000 0003 0000 0603 1651 2836
    4373 1651 2806 0300 3200 7100 0007 2100
    3745 0799 0000 0064 54D2 8072 0145 6000
    0000 000F 3734 3030 3030 3235 3638 3933
    3538 3939 2020 2020 2020 2000 0131 0003
    3030 3130 3332 0244 3935 3035 3030 3030
    3030 3030 3030 3941 3033 3236 3036 3033
    3943 3031 3030 3946 3032 3036 3030 3030
    3030 3033 3030 3030 3946 3033 3036 3030
    3030 3030 3030 3030 3030 3946 3130 3037
    3036 3031 3132 3033 4130 3230 3030 3946
    3236 3038 4243 3442 3438 4539 3541 4135
    4636 3531 3946 3237 3031 3830 3946 3333
    3033 4530 4638 4338 3946 3334 3033 3346
    3030 3030 3946 3336 3032 3030 3543 3946
    3337 3034 3931 4338 4645 3335 3946 3145
    3038 3338 3335 3331 3330 3439 3433 3433
    3030 3946 3645 3034 3230 3730 3030 3030
    3834 3037 4130 3030 3030 3030 3033 3130
    3130 3546 3334 3031 3030 3832 3032 3230
    3030 3546 3241 3032 3030 3332 0028 3032
    3130 3030 3130 3034 3037 3037 3130 3630
    3030 3130 3034 3235 3339 0010 5041 5957
    4159 5F43 4F45 0004 3331 3930

--- RESPONSE 0210 ---
Codigo: 57 - Transacción no Permitida
TPDU: 6000000721 | MTI: 0210
Campos: [3, 4, 7, 11, 24, 37, 39, 41, 42, 48, 49, 63]
    -> F003: [000000]
    -> F004: [000000030000]
    -> F007: [0603165128]
    -> F011: [364373]
    -> F024: [0721]
    -> F037: [000000364373]
    -> F039: [57]
    -> F041: [74000025]
    -> F042: [68935899       ]
    -> F048: [001]
    -> F049: [032]
    -> F063: [.Debt repayment no admite credito^]

HEX:
    6000 0007 2102 1032 2001 000A C180 0200
    0000 0000 0003 0000 0603 1651 2836 4373
    0721 3030 3030 3030 3336 3433 3733 3537
    3734 3030 3030 3235 3638 3933 3538 3939
    2020 2020 2020 2000 0330 3031 3033 3200
    342E 4465 6274 2072 6570 6179 6D65 6E74
    206E 6F20 6164 6D69 7465 2063 7265 6469
    746F 5E

============================================================

=== TXN #0024 2026-06-03 16:58:02 ===
Marca: Visa | Modo: contactless (MDI=L) | Monto: $102.00
Terminal: 74000025 | Merchant: 68935899
NII: 0721 | TPDU: 6007210000 | Host: ws1.prismamp.com:8443
Trace: 364374 | Ticket: 3191

--- REQUEST 0200 ---
    0192 6007 2100 0002 0032 3827 8020 C592
    3400 0000 0000 0001 0200 0603 1658 0236
    4374 1658 0206 0300 3200 7100 0007 2100
    3744 4268 0003 5821 26D2 7012 0508 3000
    0000 000F 3734 3030 3030 3235 3638 3933
    3538 3939 2020 2020 2020 2000 0131 0003
    3030 3130 3332 9A89 7A89 8428 0CC0 0244
    3935 3035 3030 3030 3030 3030 3030 3941
    3033 3236 3036 3033 3943 3031 3030 3946
    3032 3036 3030 3030 3030 3031 3032 3030
    3946 3033 3036 3030 3030 3030 3030 3030
    3030 3946 3130 3037 3036 3031 3132 3033
    4130 3238 3030 3946 3236 3038 3846 3736
    3632 3231 3038 4143 3845 3145 3946 3237
    3031 3830 3946 3333 3033 4530 4638 4338
    3946 3334 3033 3346 3030 3030 3946 3336
    3032 3030 3143 3946 3337 3034 3934 4342
    3031 3338 3946 3145 3038 3338 3335 3331
    3330 3439 3433 3433 3030 3946 3645 3034
    3230 3730 3030 3030 3834 3037 4130 3030
    3030 3030 3033 3130 3130 3546 3334 3031
    3030 3832 3032 3230 3030 3546 3241 3032
    3030 3332 0028 3032 3130 3030 3130 3034
    3037 3037 3130 3630 3030 3130 3034 3235
    3339 0010 5041 5957 4159 5F43 4F45 0004
    3331 3931

--- RESPONSE 0210 ---
Codigo: 98 - Desincronización de Working Key
TPDU: 6000000721 | MTI: 0210
Campos: [3, 4, 7, 11, 24, 37, 39, 41, 42, 48, 49, 52, 63]
    -> F003: [000000]
    -> F004: [000000010200]
    -> F007: [0603165802]
    -> F011: [364374]
    -> F024: [0721]
    -> F037: [000000364374]
    -> F039: [98]
    -> F041: [74000025]
    -> F042: [68935899       ]
    -> F048: [001]
    -> F049: [032]
    -> F052: [B3317C40094C5993]
    -> F063: [.REINTENTE OPERACION]

HEX:
    6000 0007 2102 1032 2001 000A C190 0200
    0000 0000 0001 0200 0603 1658 0236 4374
    0721 3030 3030 3030 3336 3433 3734 3938
    3734 3030 3030 3235 3638 3933 3538 3939
    2020 2020 2020 2000 0330 3031 3033 32B3
    317C 4009 4C59 9300 202E 5245 494E 5445
    4E54 4520 4F50 4552 4143 494F 4E

============================================================

=== TXN #0025 2026-06-03 16:59:17 ===
Marca: Visa | Modo: contactless (MDI=L) | Monto: $102.00
Terminal: 74000025 | Merchant: 68935899
NII: 0721 | TPDU: 6007210000 | Host: ws1.prismamp.com:8443
Trace: 364375 | Ticket: 3192

--- REQUEST 0200 ---
    018A 6007 2100 0002 0032 3827 8020 C582
    3400 0000 0000 0001 0200 0603 1659 1636
    4375 1659 1606 0300 3200 7100 0007 2100
    3745 7665 0004 9984 96D2 5122 2100 2000
    0000 000F 3734 3030 3030 3235 3638 3933
    3538 3939 2020 2020 2020 2000 0131 0003
    3030 3130 3332 0244 3935 3035 3030 3030
    3030 3030 3030 3941 3033 3236 3036 3033
    3943 3031 3030 3946 3032 3036 3030 3030
    3030 3031 3032 3030 3946 3033 3036 3030
    3030 3030 3030 3030 3030 3946 3130 3037
    3036 3031 3041 3033 4130 3238 3030 3946
    3236 3038 4430 4333 4141 4546 4245 3341
    3139 3236 3946 3237 3031 3830 3946 3333
    3033 4530 4638 4338 3946 3334 3033 3346
    3030 3030 3946 3336 3032 3031 3342 3946
    3337 3034 3637 3944 4434 3041 3946 3145
    3038 3338 3335 3331 3330 3439 3433 3433
    3030 3946 3645 3034 3230 3730 3030 3030
    3834 3037 4130 3030 3030 3030 3033 3130
    3130 3546 3334 3031 3030 3832 3032 3230
    3030 3546 3241 3032 3030 3332 0028 3032
    3130 3030 3130 3034 3037 3037 3130 3630
    3030 3130 3034 3235 3339 0010 5041 5957
    4159 5F43 4F45 0004 3331 3932

--- RESPONSE 0210 ---
Codigo: 91 - Emisor Fuera Línea
TPDU: 6000000721 | MTI: 0210
Campos: [3, 4, 7, 11, 24, 37, 39, 41, 42, 48, 49]
    -> F003: [000000]
    -> F004: [000000010200]
    -> F007: [0603165916]
    -> F011: [364375]
    -> F024: [0721]
    -> F037: [000000364375]
    -> F039: [91]
    -> F041: [74000025]
    -> F042: [68935899       ]
    -> F048: [001]
    -> F049: [032]

HEX:
    6000 0007 2102 1032 2001 000A C180 0000
    0000 0000 0001 0200 0603 1659 1636 4375
    0721 3030 3030 3030 3336 3433 3735 3931
    3734 3030 3030 3235 3638 3933 3538 3939
    2020 2020 2020 2000 0330 3031 3033 32

============================================================

=== TXN #0026 2026-06-03 16:59:50 ===
Marca: Visa | Modo: contactless (MDI=L) | Monto: $102.00
Terminal: 74000025 | Merchant: 68935899
NII: 0721 | TPDU: 6007210000 | Host: ws1.prismamp.com:8443
Trace: 364376 | Ticket: 3193

--- REQUEST 0200 ---
    018A 6007 2100 0002 0032 3827 8020 C582
    3400 0000 0000 0001 0200 0603 1659 4936
    4376 1659 4906 0300 3200 7100 0007 2100
    3745 1769 0178 4626 99D3 1122 2179 3000
    0000 000F 3734 3030 3030 3235 3638 3933
    3538 3939 2020 2020 2020 2000 0131 0003
    3030 3130 3332 0244 3935 3035 3030 3030
    3030 3030 3030 3941 3033 3236 3036 3033
    3943 3031 3030 3946 3032 3036 3030 3030
    3030 3031 3032 3030 3946 3033 3036 3030
    3030 3030 3030 3030 3030 3946 3130 3037
    3036 3031 3132 3033 4130 3230 3030 3946
    3236 3038 4637 4330 3742 3238 3141 4632
    3134 3438 3946 3237 3031 3830 3946 3333
    3033 4530 4638 4338 3946 3334 3033 3346
    3030 3030 3946 3336 3032 3030 3739 3946
    3337 3034 4143 4533 3139 3530 3946 3145
    3038 3338 3335 3331 3330 3439 3433 3433
    3030 3946 3645 3034 3230 3730 3030 3030
    3834 3037 4130 3030 3030 3030 3033 3130
    3130 3546 3334 3031 3030 3832 3032 3230
    3030 3546 3241 3032 3030 3332 0028 3032
    3130 3030 3130 3034 3037 3037 3130 3630
    3030 3130 3034 3235 3339 0010 5041 5957
    4159 5F43 4F45 0004 3331 3933

--- RESPONSE 0210 ---
Codigo: 91 - Emisor Fuera Línea
TPDU: 6000000721 | MTI: 0210
Campos: [3, 4, 7, 11, 24, 37, 39, 41, 42, 48, 49]
    -> F003: [000000]
    -> F004: [000000010200]
    -> F007: [0603165949]
    -> F011: [364376]
    -> F024: [0721]
    -> F037: [000000364376]
    -> F039: [91]
    -> F041: [74000025]
    -> F042: [68935899       ]
    -> F048: [001]
    -> F049: [032]

HEX:
    6000 0007 2102 1032 2001 000A C180 0000
    0000 0000 0001 0200 0603 1659 4936 4376
    0721 3030 3030 3030 3336 3433 3736 3931
    3734 3030 3030 3235 3638 3933 3538 3939
    2020 2020 2020 2000 0330 3031 3033 32

============================================================

=== TXN #0027 2026-06-03 17:01:29 ===
Marca: Visa | Modo: contactless (MDI=L) | Monto: $102.00
Terminal: 74000025 | Merchant: 68935899
NII: 0721 | TPDU: 6007210000 | Host: ws1.prismamp.com:8443
Trace: 364377 | Ticket: 3194

--- REQUEST 0200 ---
    018A 6007 2100 0002 0032 3827 8020 C582
    3400 0000 0000 0001 0200 0603 1701 2836
    4377 1701 2806 0300 3200 7100 0007 2100
    3743 7996 0000 1256 17D2 6012 2108 4000
    0000 000F 3734 3030 3030 3235 3638 3933
    3538 3939 2020 2020 2020 2000 0131 0003
    3030 3130 3332 0244 3935 3035 3030 3030
    3030 3030 3030 3941 3033 3236 3036 3033
    3943 3031 3030 3946 3032 3036 3030 3030
    3030 3031 3032 3030 3946 3033 3036 3030
    3030 3030 3030 3030 3030 3946 3130 3037
    3036 3031 3041 3033 4130 3238 3030 3946
    3236 3038 3736 4235 3030 3339 3638 3938
    4345 4530 3946 3237 3031 3830 3946 3333
    3033 4530 4638 4338 3946 3334 3033 3346
    3030 3030 3946 3336 3032 3030 4339 3946
    3337 3034 4134 4442 3131 3438 3946 3145
    3038 3338 3335 3331 3330 3439 3433 3433
    3030 3946 3645 3034 3230 3730 3030 3030
    3834 3037 4130 3030 3030 3030 3033 3130
    3130 3546 3334 3031 3030 3832 3032 3230
    3030 3546 3241 3032 3030 3332 0028 3032
    3130 3030 3130 3034 3037 3037 3130 3630
    3030 3130 3034 3235 3339 0010 5041 5957
    4159 5F43 4F45 0004 3331 3934

--- RESPONSE 0210 ---
Codigo: 00 - Aprobada (authno)
TPDU: 6000000721 | MTI: 0210
Campos: [3, 4, 7, 11, 24, 37, 38, 39, 41, 42, 48, 49]
    -> F003: [000000]
    -> F004: [000000010200]
    -> F007: [0603170128]
    -> F011: [364377]
    -> F024: [0721]
    -> F037: [000000364377]
    -> F038: [B80388]
    -> F039: [00]
    -> F041: [74000025]
    -> F042: [68935899       ]
    -> F048: [001]
    -> F049: [032]

HEX:
    6000 0007 2102 1032 2001 000E C180 0000
    0000 0000 0001 0200 0603 1701 2836 4377
    0721 3030 3030 3030 3336 3433 3737 4238
    3033 3838 3030 3734 3030 3030 3235 3638
    3933 3538 3939 2020 2020 2020 2000 0330
    3031 3033 32

============================================================

