=== TXN #0001 2026-05-27 15:20:17 ===
Marca: Visa | Modo: contactless (MDI=L) | Monto: $123.45
Terminal: 74000025 | Merchant: 03659307
NII: 0112 | TPDU: 6001120000 | Host: ws1.prismamp.com:8443
Trace: 366374 | Ticket: 2211

--- REQUEST 0200 ---
    017C 6001 1200 0002 0032 3827 8020 C582
    3400 0000 0000 0001 2345 0527 1520 1736
    6374 1520 1705 2700 3200 7100 0001 1200
    3748 1550 0005 6528 01D3 1072 2113 6000
    0000 000F 3734 3030 3030 3235 3033 3635
    3933 3037 2020 2020 2020 2000 0131 0003
    3030 3130 3332 0244 3935 3035 3030 3030
    3030 3030 3030 3941 3033 3236 3035 3237
    3943 3031 3030 3946 3032 3036 3030 3030
    3030 3031 3233 3435 3946 3033 3036 3030
    3030 3030 3030 3030 3030 3946 3130 3037
    3036 3031 3132 3033 4130 3238 3030 3946
    3236 3038 3043 4242 3944 3946 4233 3334
    3641 3434 3946 3237 3031 3830 3946 3333
    3033 4530 4638 4338 3946 3334 3033 3346
    3030 3030 3946 3336 3032 3030 3535 3946
    3337 3034 3739 4146 4536 3143 3946 3145
    3038 3338 3335 3331 3330 3439 3433 3433
    3030 3946 3645 3034 3230 3730 3030 3030
    3834 3037 4130 3030 3030 3030 3033 3130
    3130 3546 3334 3031 3030 3832 3032 3230
    3030 3546 3241 3032 3030 3332 0014 3032
    3130 3030 3130 3034 3037 3037 0010 5041
    5957 4159 5F43 4F45 0004 3232 3131

--- RESPONSE 0210 ---
Codigo: 05 - Denegada
TPDU: 6000000112 | MTI: 0210
Campos: [3, 4, 7, 11, 24, 37, 39, 41, 42, 48, 49]
    -> F003: [000000]
    -> F004: [000000012345]
    -> F007: [0527152017]
    -> F011: [366374]
    -> F024: [0112]
    -> F037: [000000366374]
    -> F039: [05]
    -> F041: [74000025]
    -> F042: [03659307       ]
    -> F048: [001]
    -> F049: [032]

HEX:
    6000 0001 1202 1032 2001 000A C180 0000
    0000 0000 0001 2345 0527 1520 1736 6374
    0112 3030 3030 3030 3336 3633 3734 3035
    3734 3030 3030 3235 3033 3635 3933 3037
    2020 2020 2020 2000 0330 3031 3033 32

============================================================

=== TXN #0002 2026-05-27 15:43:50 ===
Marca: Visa | Modo: contactless (MDI=L) | Monto: $0.00
Terminal: ? | Merchant: ?
NII: ? | TPDU: ? | Host: ?:?
Trace: ? | Ticket: ?

--- REQUEST 0200 ---

--- ERROR ---
Sin respuesta

============================================================

=== TXN #0003 2026-05-27 15:44:39 ===
Marca: Visa | Modo: contactless (MDI=L) | Monto: $0.00
Terminal: ? | Merchant: ?
NII: ? | TPDU: ? | Host: ?:?
Trace: ? | Ticket: ?

--- REQUEST 0200 ---

--- ERROR ---
Sin respuesta

============================================================

=== TXN #0004 2026-05-27 15:49:43 ===
Marca: Visa | Modo: contactless (MDI=L) | Monto: $0.00
Terminal: ? | Merchant: ?
NII: ? | TPDU: ? | Host: ?:?
Trace: ? | Ticket: ?

--- REQUEST 0200 ---

--- ERROR ---
Sin respuesta (timeout)

============================================================

=== TXN #0005 2026-05-27 16:10:00 ===
Marca: Visa | Modo: contactless (MDI=L) | Monto: $123.45
Terminal: 74000025 | Merchant: 03659307
NII: 0112 | TPDU: 6001120000 | Host: ws1.prismamp.com:8443
Trace: 429018 | Ticket: 4458

--- REQUEST 0200 ---
    017C 6001 1200 0002 0032 3827 8020 C582
    3400 0000 0000 0001 2345 0527 1609 5942
    9018 1609 5905 2700 3200 7100 0001 1200
    3748 1550 0005 6528 01D3 1072 2113 6000
    0000 000F 3734 3030 3030 3235 3033 3635
    3933 3037 2020 2020 2020 2000 0131 0003
    3030 3130 3332 0244 3935 3035 3030 3030
    3030 3030 3030 3941 3033 3236 3035 3237
    3943 3031 3030 3946 3032 3036 3030 3030
    3030 3031 3233 3435 3946 3033 3036 3030
    3030 3030 3030 3030 3030 3946 3130 3037
    3036 3031 3132 3033 4130 3238 3030 3946
    3236 3038 4330 4243 4344 3137 4336 4139
    4243 3643 3946 3237 3031 3830 3946 3333
    3033 4530 4638 4338 3946 3334 3033 3346
    3030 3030 3946 3336 3032 3030 3541 3946
    3337 3034 4633 3239 3630 3936 3946 3145
    3038 3338 3335 3331 3330 3439 3433 3433
    3030 3946 3645 3034 3230 3730 3030 3030
    3834 3037 4130 3030 3030 3030 3033 3130
    3130 3546 3334 3031 3030 3832 3032 3230
    3030 3546 3241 3032 3030 3332 0014 3032
    3130 3030 3130 3034 3037 3037 0010 5041
    5957 4159 5F43 4F45 0004 3434 3538

--- RESPONSE 0210 ---
Codigo: 05 - Denegada
TPDU: 6000000112 | MTI: 0210
Campos: [3, 4, 7, 11, 24, 37, 39, 41, 42, 48, 49]
    -> F003: [000000]
    -> F004: [000000012345]
    -> F007: [0527160959]
    -> F011: [429018]
    -> F024: [0112]
    -> F037: [000000429018]
    -> F039: [05]
    -> F041: [74000025]
    -> F042: [03659307       ]
    -> F048: [001]
    -> F049: [032]

HEX:
    6000 0001 1202 1032 2001 000A C180 0000
    0000 0000 0001 2345 0527 1609 5942 9018
    0112 3030 3030 3030 3432 3930 3138 3035
    3734 3030 3030 3235 3033 3635 3933 3037
    2020 2020 2020 2000 0330 3031 3033 32

============================================================

=== TXN #0006 2026-05-27 16:13:46 ===
Marca: Visa | Modo: contactless (MDI=L) | Monto: $0.00
Terminal: ? | Merchant: ?
NII: ? | TPDU: ? | Host: ?:?
Trace: ? | Ticket: ?

--- REQUEST 0200 ---

--- ERROR ---
Sin respuesta (timeout)

============================================================

=== TXN #0007 2026-05-27 16:16:19 ===
Marca: Visa | Modo: contactless (MDI=L) | Monto: $0.00
Terminal: ? | Merchant: ?
NII: ? | TPDU: ? | Host: ?:?
Trace: ? | Ticket: ?

--- REQUEST 0200 ---

--- ERROR ---
Sin respuesta (timeout)

============================================================

=== TXN #0008 2026-05-27 16:16:46 ===
Marca: Visa | Modo: contactless (MDI=L) | Monto: $123.45
Terminal: 74000025 | Merchant: 03659307
NII: 0700 | TPDU: 6007000000 | Host: ws1.prismamp.com:8443
Trace: 149581 | Ticket: 3958

--- REQUEST 0200 ---
    017C 6001 1200 0002 0032 3827 8020 C582
    3400 0000 0000 0001 2345 0527 1616 4614
    9581 1616 4605 2700 3200 7100 0001 1200
    3748 1550 0005 6528 01D3 1072 2113 6000
    0000 000F 3734 3030 3030 3235 3033 3635
    3933 3037 2020 2020 2020 2000 0131 0003
    3030 3130 3332 0244 3935 3035 3030 3030
    3030 3030 3030 3941 3033 3236 3035 3237
    3943 3031 3030 3946 3032 3036 3030 3030
    3030 3031 3233 3435 3946 3033 3036 3030
    3030 3030 3030 3030 3030 3946 3130 3037
    3036 3031 3132 3033 4130 3238 3030 3946
    3236 3038 3230 4242 3230 3833 4243 4430
    3231 3736 3946 3237 3031 3830 3946 3333
    3033 4530 4638 4338 3946 3334 3033 3346
    3030 3030 3946 3336 3032 3030 3544 3946
    3337 3034 4645 3334 3642 4131 3946 3145
    3038 3338 3335 3331 3330 3439 3433 3433
    3030 3946 3645 3034 3230 3730 3030 3030
    3834 3037 4130 3030 3030 3030 3033 3130
    3130 3546 3334 3031 3030 3832 3032 3230
    3030 3546 3241 3032 3030 3332 0014 3032
    3130 3030 3130 3034 3037 3037 0010 5041
    5957 4159 5F43 4F45 0004 3339 3538

--- RESPONSE 0210 ---
Codigo: 05 - Denegada
TPDU: 6000000112 | MTI: 0210
Campos: [3, 4, 7, 11, 24, 37, 39, 41, 42, 48, 49]
    -> F003: [000000]
    -> F004: [000000012345]
    -> F007: [0527161646]
    -> F011: [149581]
    -> F024: [0112]
    -> F037: [000000149581]
    -> F039: [05]
    -> F041: [74000025]
    -> F042: [03659307       ]
    -> F048: [001]
    -> F049: [032]

HEX:
    6000 0001 1202 1032 2001 000A C180 0000
    0000 0000 0001 2345 0527 1616 4614 9581
    0112 3030 3030 3030 3134 3935 3831 3035
    3734 3030 3030 3235 3033 3635 3933 3037
    2020 2020 2020 2000 0330 3031 3033 32

============================================================

=== TXN #0009 2026-05-27 16:44:27 ===
Marca: MasterCard | Modo: contactless (MDI=L) | Monto: $123.45
Terminal: 74000025 | Merchant: 43108950
NII: 0112 | TPDU: 6001120000 | Host: ws1.prismamp.com:8443
Trace: 149582 | Ticket: 3959

--- REQUEST 0200 ---
    01A4 6001 1200 0002 0032 3827 8020 C582
    3400 0000 0000 0001 2345 0527 1644 2714
    9582 1644 2705 2700 3200 7100 0001 1200
    3753 0058 9000 8467 64D2 7042 0110 9868
    1000 008F 3734 3030 3030 3235 3433 3130
    3839 3530 2020 2020 2020 2000 0131 0003
    3030 3130 3332 0284 3935 3035 3030 3030
    3030 3830 3031 3941 3033 3236 3035 3237
    3943 3031 3030 3946 3032 3036 3030 3030
    3030 3031 3233 3435 3946 3033 3036 3030
    3030 3030 3030 3030 3030 3946 3130 3132
    3031 3130 4130 3430 3033 3232 3034 3030
    3030 3030 3030 3030 3030 3030 3030 3030
    3030 4646 3946 3236 3038 3533 3230 3142
    4437 3844 3333 4530 3844 3946 3237 3031
    3830 3946 3333 3033 4530 3038 3038 3946
    3334 3033 3146 3033 3032 3946 3336 3032
    3030 3039 3946 3337 3034 3338 3645 4135
    4442 3946 3145 3038 3338 3335 3331 3330
    3439 3433 3433 3030 3946 3645 3037 3030
    3332 3030 3030 3330 3330 3030 3834 3037
    4130 3030 3030 3030 3034 3130 3130 3546
    3334 3031 3030 3546 3235 3033 3231 3035
    3137 3832 3032 3139 3830 3546 3241 3032
    3030 3332 0014 3032 3130 3030 3130 3034
    3037 3037 0010 5041 5957 4159 5F43 4F45
    0004 3339 3539

--- RESPONSE 0210 ---
Codigo: 05 - Denegada
TPDU: 6000000112 | MTI: 0210
Campos: [3, 4, 7, 11, 24, 37, 39, 41, 42, 48, 49]
    -> F003: [000000]
    -> F004: [000000012345]
    -> F007: [0527164427]
    -> F011: [149582]
    -> F024: [0112]
    -> F037: [000000149582]
    -> F039: [05]
    -> F041: [74000025]
    -> F042: [43108950       ]
    -> F048: [001]
    -> F049: [032]

HEX:
    6000 0001 1202 1032 2001 000A C180 0000
    0000 0000 0001 2345 0527 1644 2714 9582
    0112 3030 3030 3030 3134 3935 3832 3035
    3734 3030 3030 3235 3433 3130 3839 3530
    2020 2020 2020 2000 0330 3031 3033 32

============================================================

=== TXN #0010 2026-05-27 16:45:17 ===
Marca: MasterCard | Modo: contactless (MDI=L) | Monto: $0.00
Terminal: ? | Merchant: ?
NII: ? | TPDU: ? | Host: ?:?
Trace: ? | Ticket: ?

--- REQUEST 0200 ---

--- ERROR ---
Sin respuesta (timeout)

============================================================

=== TXN #0011 2026-05-27 16:45:33 ===
Marca: MasterCard | Modo: contactless (MDI=L) | Monto: $123.45
Terminal: 74000025 | Merchant: 43108950
NII: 0118 | TPDU: 6001180000 | Host: ws1.prismamp.com:8443
Trace: 149584 | Ticket: 3961

--- REQUEST 0200 ---
    01A4 6001 1900 0002 0032 3827 8020 C582
    3400 0000 0000 0001 2345 0527 1645 3314
    9584 1645 3305 2700 3200 7100 0001 1900
    3753 0058 9000 8467 64D2 7042 0110 9868
    1000 008F 3734 3030 3030 3235 3433 3130
    3839 3530 2020 2020 2020 2000 0131 0003
    3030 3130 3332 0284 3935 3035 3030 3030
    3030 3830 3031 3941 3033 3236 3035 3237
    3943 3031 3030 3946 3032 3036 3030 3030
    3030 3031 3233 3435 3946 3033 3036 3030
    3030 3030 3030 3030 3030 3946 3130 3132
    3031 3130 4130 3430 3033 3232 3034 3030
    3030 3030 3030 3030 3030 3030 3030 3030
    3030 4646 3946 3236 3038 3636 3335 4344
    3143 4143 3943 4538 3941 3946 3237 3031
    3830 3946 3333 3033 4530 3038 3038 3946
    3334 3033 3146 3033 3032 3946 3336 3032
    3030 3042 3946 3337 3034 4131 4437 3045
    3434 3946 3145 3038 3338 3335 3331 3330
    3439 3433 3433 3030 3946 3645 3037 3030
    3332 3030 3030 3330 3330 3030 3834 3037
    4130 3030 3030 3030 3034 3130 3130 3546
    3334 3031 3030 3546 3235 3033 3231 3035
    3137 3832 3032 3139 3830 3546 3241 3032
    3030 3332 0014 3032 3130 3030 3130 3034
    3037 3037 0010 5041 5957 4159 5F43 4F45
    0004 3339 3631

--- RESPONSE 0210 ---
Codigo: 05 - Denegada
TPDU: 6000000119 | MTI: 0210
Campos: [3, 4, 7, 11, 24, 37, 39, 41, 42, 48, 49]
    -> F003: [000000]
    -> F004: [000000012345]
    -> F007: [0527164533]
    -> F011: [149584]
    -> F024: [0119]
    -> F037: [000000149584]
    -> F039: [05]
    -> F041: [74000025]
    -> F042: [43108950       ]
    -> F048: [001]
    -> F049: [032]

HEX:
    6000 0001 1902 1032 2001 000A C180 0000
    0000 0000 0001 2345 0527 1645 3314 9584
    0119 3030 3030 3030 3134 3935 3834 3035
    3734 3030 3030 3235 3433 3130 3839 3530
    2020 2020 2020 2000 0330 3031 3033 32

============================================================

=== TXN #0012 2026-05-27 16:46:06 ===
Marca: MasterCard | Modo: contactless (MDI=L) | Monto: $0.00
Terminal: ? | Merchant: ?
NII: ? | TPDU: ? | Host: ?:?
Trace: ? | Ticket: ?

--- REQUEST 0200 ---

--- ERROR ---
Sin respuesta (timeout)

============================================================

=== TXN #0013 2026-05-27 16:46:46 ===
Marca: MasterCard | Modo: contactless (MDI=L) | Monto: $0.00
Terminal: ? | Merchant: ?
NII: ? | TPDU: ? | Host: ?:?
Trace: ? | Ticket: ?

--- REQUEST 0200 ---

--- ERROR ---
Sin respuesta (timeout)

============================================================

=== TXN #0014 2026-05-27 17:12:11 ===
Marca: MasterCard | Modo: contactless (MDI=L) | Monto: $123.45
Terminal: 74000025 | Merchant: 43108950
NII: 0721 | TPDU: 6007210000 | Host: ws1.prismamp.com:8443
Trace: 149587 | Ticket: 3964

--- REQUEST 0200 ---
    01A4 6007 2100 0002 0032 3827 8020 C582
    3400 0000 0000 0001 2345 0527 1712 1014
    9587 1712 1005 2700 3200 7100 0007 2100
    3753 0058 9000 8467 64D2 7042 0110 9868
    1000 008F 3734 3030 3030 3235 3433 3130
    3839 3530 2020 2020 2020 2000 0131 0003
    3030 3130 3332 0284 3935 3035 3030 3030
    3030 3830 3031 3941 3033 3236 3035 3237
    3943 3031 3030 3946 3032 3036 3030 3030
    3030 3031 3233 3435 3946 3033 3036 3030
    3030 3030 3030 3030 3030 3946 3130 3132
    3031 3130 4130 3430 3033 3232 3034 3030
    3030 3030 3030 3030 3030 3030 3030 3030
    3030 4646 3946 3236 3038 3044 4141 4631
    3430 3841 3844 4144 3331 3946 3237 3031
    3830 3946 3333 3033 4530 3038 3038 3946
    3334 3033 3146 3033 3032 3946 3336 3032
    3030 3045 3946 3337 3034 3439 3746 4236
    4543 3946 3145 3038 3338 3335 3331 3330
    3439 3433 3433 3030 3946 3645 3037 3030
    3332 3030 3030 3330 3330 3030 3834 3037
    4130 3030 3030 3030 3034 3130 3130 3546
    3334 3031 3030 3546 3235 3033 3231 3035
    3137 3832 3032 3139 3830 3546 3241 3032
    3030 3332 0014 3032 3130 3030 3130 3034
    3037 3037 0010 5041 5957 4159 5F43 4F45
    0004 3339 3634

--- RESPONSE 0210 ---
Codigo: 91 - Emisor Fuera Línea
TPDU: 6000000721 | MTI: 0210
Campos: [3, 4, 7, 11, 24, 37, 39, 41, 42, 48, 49]
    -> F003: [000000]
    -> F004: [000000012345]
    -> F007: [0527171210]
    -> F011: [149587]
    -> F024: [0721]
    -> F037: [000000149587]
    -> F039: [91]
    -> F041: [74000025]
    -> F042: [43108950       ]
    -> F048: [001]
    -> F049: [032]

HEX:
    6000 0007 2102 1032 2001 000A C180 0000
    0000 0000 0001 2345 0527 1712 1014 9587
    0721 3030 3030 3030 3134 3935 3837 3931
    3734 3030 3030 3235 3433 3130 3839 3530
    2020 2020 2020 2000 0330 3031 3033 32

============================================================

=== TXN #0015 2026-05-27 17:12:45 ===
Marca: MasterCard | Modo: contactless (MDI=L) | Monto: $123.45
Terminal: 74000025 | Merchant: 43108950
NII: 0721 | TPDU: 6007210000 | Host: ws1.prismamp.com:8443
Trace: 149588 | Ticket: 3965

--- REQUEST 0200 ---
    01A4 6001 1900 0002 0032 3827 8020 C582
    3400 0000 0000 0001 2345 0527 1712 4414
    9588 1712 4405 2700 3200 7100 0001 1900
    3753 0058 9000 8467 64D2 7042 0110 9868
    1000 008F 3734 3030 3030 3235 3433 3130
    3839 3530 2020 2020 2020 2000 0131 0003
    3030 3130 3332 0284 3935 3035 3030 3030
    3030 3830 3031 3941 3033 3236 3035 3237
    3943 3031 3030 3946 3032 3036 3030 3030
    3030 3031 3233 3435 3946 3033 3036 3030
    3030 3030 3030 3030 3030 3946 3130 3132
    3031 3130 4130 3430 3033 3232 3034 3030
    3030 3030 3030 3030 3030 3030 3030 3030
    3030 4646 3946 3236 3038 4443 4235 4332
    3744 3535 3238 4334 3844 3946 3237 3031
    3830 3946 3333 3033 4530 3038 3038 3946
    3334 3033 3146 3033 3032 3946 3336 3032
    3030 3046 3946 3337 3034 3444 3833 4241
    4630 3946 3145 3038 3338 3335 3331 3330
    3439 3433 3433 3030 3946 3645 3037 3030
    3332 3030 3030 3330 3330 3030 3834 3037
    4130 3030 3030 3030 3034 3130 3130 3546
    3334 3031 3030 3546 3235 3033 3231 3035
    3137 3832 3032 3139 3830 3546 3241 3032
    3030 3332 0014 3032 3130 3030 3130 3034
    3037 3037 0010 5041 5957 4159 5F43 4F45
    0004 3339 3635

--- RESPONSE 0210 ---
Codigo: 05 - Denegada
TPDU: 6000000119 | MTI: 0210
Campos: [3, 4, 7, 11, 24, 37, 39, 41, 42, 48, 49]
    -> F003: [000000]
    -> F004: [000000012345]
    -> F007: [0527171244]
    -> F011: [149588]
    -> F024: [0119]
    -> F037: [000000149588]
    -> F039: [05]
    -> F041: [74000025]
    -> F042: [43108950       ]
    -> F048: [001]
    -> F049: [032]

HEX:
    6000 0001 1902 1032 2001 000A C180 0000
    0000 0000 0001 2345 0527 1712 4414 9588
    0119 3030 3030 3030 3134 3935 3838 3035
    3734 3030 3030 3235 3433 3130 3839 3530
    2020 2020 2020 2000 0330 3031 3033 32

============================================================

=== TXN #0016 2026-05-27 17:13:08 ===
Marca: MasterCard | Modo: contactless (MDI=L) | Monto: $123.45
Terminal: 74000025 | Merchant: 43108950
NII: 0119 | TPDU: 6001190000 | Host: ws1.prismamp.com:8443
Trace: 149589 | Ticket: 3966

--- REQUEST 0200 ---
    01A4 6007 2100 0002 0032 3827 8020 C582
    3400 0000 0000 0001 2345 0527 1713 0814
    9589 1713 0805 2700 3200 7100 0007 2100
    3753 0058 9000 8467 64D2 7042 0110 9868
    1000 008F 3734 3030 3030 3235 3433 3130
    3839 3530 2020 2020 2020 2000 0131 0003
    3030 3130 3332 0284 3935 3035 3030 3030
    3030 3830 3031 3941 3033 3236 3035 3237
    3943 3031 3030 3946 3032 3036 3030 3030
    3030 3031 3233 3435 3946 3033 3036 3030
    3030 3030 3030 3030 3030 3946 3130 3132
    3031 3130 4130 3430 3033 3232 3034 3030
    3030 3030 3030 3030 3030 3030 3030 3030
    3030 4646 3946 3236 3038 3043 3734 3045
    3344 3946 3137 3837 3944 3946 3237 3031
    3830 3946 3333 3033 4530 3038 3038 3946
    3334 3033 3146 3033 3032 3946 3336 3032
    3030 3130 3946 3337 3034 4533 3141 3530
    3837 3946 3145 3038 3338 3335 3331 3330
    3439 3433 3433 3030 3946 3645 3037 3030
    3332 3030 3030 3330 3330 3030 3834 3037
    4130 3030 3030 3030 3034 3130 3130 3546
    3334 3031 3030 3546 3235 3033 3231 3035
    3137 3832 3032 3139 3830 3546 3241 3032
    3030 3332 0014 3032 3130 3030 3130 3034
    3037 3037 0010 5041 5957 4159 5F43 4F45
    0004 3339 3636

--- RESPONSE 0210 ---
Codigo: 91 - Emisor Fuera Línea
TPDU: 6000000721 | MTI: 0210
Campos: [3, 4, 7, 11, 24, 37, 39, 41, 42, 48, 49]
    -> F003: [000000]
    -> F004: [000000012345]
    -> F007: [0527171308]
    -> F011: [149589]
    -> F024: [0721]
    -> F037: [000000149589]
    -> F039: [91]
    -> F041: [74000025]
    -> F042: [43108950       ]
    -> F048: [001]
    -> F049: [032]

HEX:
    6000 0007 2102 1032 2001 000A C180 0000
    0000 0000 0001 2345 0527 1713 0814 9589
    0721 3030 3030 3030 3134 3935 3839 3931
    3734 3030 3030 3235 3433 3130 3839 3530
    2020 2020 2020 2000 0330 3031 3033 32

============================================================

=== TXN #0017 2026-05-27 17:13:47 ===
Marca: Visa | Modo: contactless (MDI=L) | Monto: $123.45
Terminal: 74000025 | Merchant: 03659307
NII: 0112 | TPDU: 6001120000 | Host: ws1.prismamp.com:8443
Trace: 149590 | Ticket: 3967

--- REQUEST 0200 ---
    017C 6001 1200 0002 0032 3827 8020 C582
    3400 0000 0000 0001 2345 0527 1713 4614
    9590 1713 4605 2700 3200 7100 0001 1200
    3748 1550 0005 6528 01D3 1072 2113 6000
    0000 000F 3734 3030 3030 3235 3033 3635
    3933 3037 2020 2020 2020 2000 0131 0003
    3030 3130 3332 0244 3935 3035 3030 3030
    3030 3030 3030 3941 3033 3236 3035 3237
    3943 3031 3030 3946 3032 3036 3030 3030
    3030 3031 3233 3435 3946 3033 3036 3030
    3030 3030 3030 3030 3030 3946 3130 3037
    3036 3031 3132 3033 4130 3238 3030 3946
    3236 3038 3542 3433 3236 3733 3946 4431
    4338 3034 3946 3237 3031 3830 3946 3333
    3033 4530 4638 4338 3946 3334 3033 3346
    3030 3030 3946 3336 3032 3030 3545 3946
    3337 3034 3530 3836 4244 4633 3946 3145
    3038 3338 3335 3331 3330 3439 3433 3433
    3030 3946 3645 3034 3230 3730 3030 3030
    3834 3037 4130 3030 3030 3030 3033 3130
    3130 3546 3334 3031 3030 3832 3032 3230
    3030 3546 3241 3032 3030 3332 0014 3032
    3130 3030 3130 3034 3037 3037 0010 5041
    5957 4159 5F43 4F45 0004 3339 3637

--- RESPONSE 0210 ---
Codigo: 05 - Denegada
TPDU: 6000000112 | MTI: 0210
Campos: [3, 4, 7, 11, 24, 37, 39, 41, 42, 48, 49]
    -> F003: [000000]
    -> F004: [000000012345]
    -> F007: [0527171346]
    -> F011: [149590]
    -> F024: [0112]
    -> F037: [000000149590]
    -> F039: [05]
    -> F041: [74000025]
    -> F042: [03659307       ]
    -> F048: [001]
    -> F049: [032]

HEX:
    6000 0001 1202 1032 2001 000A C180 0000
    0000 0000 0001 2345 0527 1713 4614 9590
    0112 3030 3030 3030 3134 3935 3930 3035
    3734 3030 3030 3235 3033 3635 3933 3037
    2020 2020 2020 2000 0330 3031 3033 32

============================================================

=== TXN #0018 2026-05-27 17:14:15 ===
Marca: Visa | Modo: contactless (MDI=L) | Monto: $123.45
Terminal: 74000025 | Merchant: 03659307
NII: 0112 | TPDU: 6001120000 | Host: ws1.prismamp.com:8443
Trace: 149591 | Ticket: 3968

--- REQUEST 0200 ---
    017C 6007 2100 0002 0032 3827 8020 C582
    3400 0000 0000 0001 2345 0527 1714 1414
    9591 1714 1405 2700 3200 7100 0007 2100
    3748 1550 0005 6528 01D3 1072 2113 6000
    0000 000F 3734 3030 3030 3235 3033 3635
    3933 3037 2020 2020 2020 2000 0131 0003
    3030 3130 3332 0244 3935 3035 3030 3030
    3030 3030 3030 3941 3033 3236 3035 3237
    3943 3031 3030 3946 3032 3036 3030 3030
    3030 3031 3233 3435 3946 3033 3036 3030
    3030 3030 3030 3030 3030 3946 3130 3037
    3036 3031 3132 3033 4130 3238 3030 3946
    3236 3038 4431 3043 3145 3138 3433 3639
    3032 4331 3946 3237 3031 3830 3946 3333
    3033 4530 4638 4338 3946 3334 3033 3346
    3030 3030 3946 3336 3032 3030 3546 3946
    3337 3034 3538 3846 4335 4643 3946 3145
    3038 3338 3335 3331 3330 3439 3433 3433
    3030 3946 3645 3034 3230 3730 3030 3030
    3834 3037 4130 3030 3030 3030 3033 3130
    3130 3546 3334 3031 3030 3832 3032 3230
    3030 3546 3241 3032 3030 3332 0014 3032
    3130 3030 3130 3034 3037 3037 0010 5041
    5957 4159 5F43 4F45 0004 3339 3638

--- RESPONSE 0210 ---
Codigo: 00 - Aprobada (authno)
TPDU: 6000000721 | MTI: 0210
Campos: [3, 4, 7, 11, 24, 37, 38, 39, 41, 42, 48, 49, 55]
    -> F003: [000000]
    -> F004: [000000012345]
    -> F007: [0527171414]
    -> F011: [149591]
    -> F024: [0721]
    -> F037: [000000149591]
    -> F038: [015131]
    -> F039: [00]
    -> F041: [74000025]
    -> F042: [03659307       ]
    -> F048: [001]
    -> F049: [032]
    -> F055: [91087765D0C200860000]

HEX:
    6000 0007 2102 1032 2001 000E C182 0000
    0000 0000 0001 2345 0527 1714 1414 9591
    0721 3030 3030 3030 3134 3935 3931 3031
    3531 3331 3030 3734 3030 3030 3235 3033
    3635 3933 3037 2020 2020 2020 2000 0330
    3031 3033 3200 2039 3130 3837 3736 3544
    3043 3230 3038 3630 3030 30

============================================================

=== TXN #0019 2026-05-27 17:15:25 ===
Marca: MasterCard | Modo: contactless (MDI=L) | Monto: $123.45
Terminal: 74000025 | Merchant: 43108950
NII: 0721 | TPDU: 6007210000 | Host: ws1.prismamp.com:8443
Trace: 149592 | Ticket: 3969

--- REQUEST 0200 ---
    01A4 6007 2100 0002 0032 3827 8020 C582
    3400 0000 0000 0001 2345 0527 1715 2414
    9592 1715 2405 2700 3200 7100 0007 2100
    3753 0058 9000 8467 56D2 7042 0113 0200
    6800 008F 3734 3030 3030 3235 3433 3130
    3839 3530 2020 2020 2020 2000 0131 0003
    3030 3130 3332 0284 3935 3035 3030 3030
    3030 3830 3031 3941 3033 3236 3035 3237
    3943 3031 3030 3946 3032 3036 3030 3030
    3030 3031 3233 3435 3946 3033 3036 3030
    3030 3030 3030 3030 3030 3946 3130 3132
    3031 3130 4130 3430 3033 3232 3034 3030
    3030 3030 3030 3030 3030 3030 3030 3030
    3030 4646 3946 3236 3038 3432 3632 3638
    3245 3633 3633 3342 3834 3946 3237 3031
    3830 3946 3333 3033 4530 3038 3038 3946
    3334 3033 3146 3033 3032 3946 3336 3032
    3030 4633 3946 3337 3034 3930 4336 4644
    3333 3946 3145 3038 3338 3335 3331 3330
    3439 3433 3433 3030 3946 3645 3037 3030
    3332 3030 3030 3330 3330 3030 3834 3037
    4130 3030 3030 3030 3034 3130 3130 3546
    3334 3031 3030 3546 3235 3033 3231 3035
    3137 3832 3032 3139 3830 3546 3241 3032
    3030 3332 0014 3032 3130 3030 3130 3034
    3037 3037 0010 5041 5957 4159 5F43 4F45
    0004 3339 3639

--- RESPONSE 0210 ---
Codigo: 30 - Error En Formato
TPDU: 6000000721 | MTI: 0210
Campos: [3, 4, 7, 11, 24, 37, 39, 41, 42, 48, 49, 55]
    -> F003: [000000]
    -> F004: [000000012345]
    -> F007: [0527171524]
    -> F011: [149592]
    -> F024: [0721]
    -> F037: [000000149592]
    -> F039: [30]
    -> F041: [74000025]
    -> F042: [43108950       ]
    -> F048: [001]
    -> F049: [032]
    -> F055: [910AEE231CA9F1F269D80000]

HEX:
    6000 0007 2102 1032 2001 000A C182 0000
    0000 0000 0001 2345 0527 1715 2414 9592
    0721 3030 3030 3030 3134 3935 3932 3330
    3734 3030 3030 3235 3433 3130 3839 3530
    2020 2020 2020 2000 0330 3031 3033 3200
    2439 3130 4145 4532 3331 4341 3946 3146
    3236 3944 3830 3030 30

============================================================

=== TXN #0020 2026-05-27 17:15:41 ===
Marca: MasterCard | Modo: contactless (MDI=L) | Monto: $123.45
Terminal: 74000025 | Merchant: 43108950
NII: 0721 | TPDU: 6007210000 | Host: ws1.prismamp.com:8443
Trace: 149593 | Ticket: 3970

--- REQUEST 0200 ---
    01A4 6007 2100 0002 0032 3827 8020 C582
    3400 0000 0000 0001 2345 0527 1715 4014
    9593 1715 4005 2700 3200 7100 0007 2100
    3753 0058 9000 8467 56D2 7042 0113 0200
    6800 008F 3734 3030 3030 3235 3433 3130
    3839 3530 2020 2020 2020 2000 0131 0003
    3030 3130 3332 0284 3935 3035 3030 3030
    3030 3830 3031 3941 3033 3236 3035 3237
    3943 3031 3030 3946 3032 3036 3030 3030
    3030 3031 3233 3435 3946 3033 3036 3030
    3030 3030 3030 3030 3030 3946 3130 3132
    3031 3130 4130 3430 3033 3232 3034 3030
    3030 3030 3030 3030 3030 3030 3030 3030
    3030 4646 3946 3236 3038 3745 4543 4435
    4330 3734 3342 4136 4639 3946 3237 3031
    3830 3946 3333 3033 4530 3038 3038 3946
    3334 3033 3146 3033 3032 3946 3336 3032
    3030 4634 3946 3337 3034 3041 3430 3737
    4144 3946 3145 3038 3338 3335 3331 3330
    3439 3433 3433 3030 3946 3645 3037 3030
    3332 3030 3030 3330 3330 3030 3834 3037
    4130 3030 3030 3030 3034 3130 3130 3546
    3334 3031 3030 3546 3235 3033 3231 3035
    3137 3832 3032 3139 3830 3546 3241 3032
    3030 3332 0014 3032 3130 3030 3130 3034
    3037 3037 0010 5041 5957 4159 5F43 4F45
    0004 3339 3730

--- RESPONSE 0210 ---
Codigo: 30 - Error En Formato
TPDU: 6000000721 | MTI: 0210
Campos: [3, 4, 7, 11, 24, 37, 39, 41, 42, 48, 49, 55]
    -> F003: [000000]
    -> F004: [000000012345]
    -> F007: [0527171540]
    -> F011: [149593]
    -> F024: [0721]
    -> F037: [000000149593]
    -> F039: [30]
    -> F041: [74000025]
    -> F042: [43108950       ]
    -> F048: [001]
    -> F049: [032]
    -> F055: [910AFFBDAEBE5E530A170000]

HEX:
    6000 0007 2102 1032 2001 000A C182 0000
    0000 0000 0001 2345 0527 1715 4014 9593
    0721 3030 3030 3030 3134 3935 3933 3330
    3734 3030 3030 3235 3433 3130 3839 3530
    2020 2020 2020 2000 0330 3031 3033 3200
    2439 3130 4146 4642 4441 4542 4535 4535
    3330 4131 3730 3030 30

============================================================

=== TXN #0021 2026-05-27 17:16:32 ===
Marca: Visa | Modo: contactless (MDI=L) | Monto: $123.45
Terminal: 74000025 | Merchant: 03659307
NII: 0721 | TPDU: 6007210000 | Host: ws1.prismamp.com:8443
Trace: 149594 | Ticket: 3971

--- REQUEST 0200 ---
    017C 6007 2100 0002 0032 3827 8020 C582
    3400 0000 0000 0001 2345 0527 1716 3214
    9594 1716 3205 2700 3200 7100 0007 2100
    3745 0799 0000 0064 54D2 8072 0145 6000
    0000 000F 3734 3030 3030 3235 3033 3635
    3933 3037 2020 2020 2020 2000 0131 0003
    3030 3130 3332 0244 3935 3035 3030 3030
    3030 3030 3030 3941 3033 3236 3035 3237
    3943 3031 3030 3946 3032 3036 3030 3030
    3030 3031 3233 3435 3946 3033 3036 3030
    3030 3030 3030 3030 3030 3946 3130 3037
    3036 3031 3132 3033 4130 3230 3030 3946
    3236 3038 3835 3043 3946 3941 4145 3635
    4444 3144 3946 3237 3031 3830 3946 3333
    3033 4530 4638 4338 3946 3334 3033 3346
    3030 3030 3946 3336 3032 3030 3534 3946
    3337 3034 3838 4245 4635 3242 3946 3145
    3038 3338 3335 3331 3330 3439 3433 3433
    3030 3946 3645 3034 3230 3730 3030 3030
    3834 3037 4130 3030 3030 3030 3033 3130
    3130 3546 3334 3031 3030 3832 3032 3230
    3030 3546 3241 3032 3030 3332 0014 3032
    3130 3030 3130 3034 3037 3037 0010 5041
    5957 4159 5F43 4F45 0004 3339 3731

--- RESPONSE 0210 ---
Codigo: 00 - Aprobada (authno)
TPDU: 6000000721 | MTI: 0210
Campos: [3, 4, 7, 11, 24, 37, 38, 39, 41, 42, 48, 49]
    -> F003: [000000]
    -> F004: [000000012345]
    -> F007: [0527171632]
    -> F011: [149594]
    -> F024: [0721]
    -> F037: [000000149594]
    -> F038: [B84030]
    -> F039: [00]
    -> F041: [74000025]
    -> F042: [03659307       ]
    -> F048: [001]
    -> F049: [032]

HEX:
    6000 0007 2102 1032 2001 000E C180 0000
    0000 0000 0001 2345 0527 1716 3214 9594
    0721 3030 3030 3030 3134 3935 3934 4238
    3430 3330 3030 3734 3030 3030 3235 3033
    3635 3933 3037 2020 2020 2020 2000 0330
    3031 3033 32

============================================================

