=== TXN #0001 2026-04-30 18:48:27 ===
Marca: Visa | Modo: contactless (MDI=L) | Monto: $123.45
Terminal: 74000025 | Merchant: 03659307
NII: 0112 | TPDU: 6001120000 | Host: ws1.prismamp.com:8443
Trace: 237280 | Ticket: 0769

--- REQUEST 0200 ---
    017C 6001 1200 0002 0032 3827 8020 C582
    3400 0000 0000 0001 2345 0430 1848 2723
    7280 1848 2704 3000 3200 7100 0001 1200
    3745 0799 0000 0010 26D2 5032 0190 8000
    0000 000F 3734 3030 3030 3235 3033 3635
    3933 3037 2020 2020 2020 2000 0131 0003
    3030 3130 3332 0244 3935 3035 3030 3030
    3030 3030 3030 3941 3033 3236 3034 3330
    3943 3031 3030 3946 3032 3036 3030 3030
    3030 3031 3233 3435 3946 3033 3036 3030
    3030 3030 3030 3030 3030 3946 3130 3037
    3036 3031 3041 3033 4130 3238 3030 3946
    3236 3038 3135 3541 3438 4444 3235 3944
    3746 3933 3946 3237 3031 3830 3946 3333
    3033 4530 4638 4338 3946 3334 3033 3346
    3030 3030 3946 3336 3032 3031 3231 3946
    3337 3034 4133 4439 3130 3436 3946 3145
    3038 3338 3335 3331 3330 3439 3433 3433
    3030 3946 3645 3034 3230 3730 3030 3030
    3834 3037 4130 3030 3030 3030 3033 3130
    3130 3546 3334 3031 3030 3832 3032 3230
    3030 3546 3241 3032 3030 3332 0014 3032
    3130 3030 3130 3034 3037 3037 0010 5041
    5957 4159 5F43 4F45 0004 3037 3639

--- RESPONSE 0210 ---
Codigo: 05 - Denegada
TPDU: 6000000112 | MTI: 0210
Campos: [3, 4, 7, 11, 24, 37, 39, 41, 42, 48, 49]
    -> F003: [000000]
    -> F004: [000000012345]
    -> F007: [0430184827]
    -> F011: [237280]
    -> F024: [0112]
    -> F037: [000000237280]
    -> F039: [05]
    -> F041: [74000025]
    -> F042: [03659307       ]
    -> F048: [001]
    -> F049: [032]

HEX:
    6000 0001 1202 1032 2001 000A C180 0000
    0000 0000 0001 2345 0430 1848 2723 7280
    0112 3030 3030 3030 3233 3732 3830 3035
    3734 3030 3030 3235 3033 3635 3933 3037
    2020 2020 2020 2000 0330 3031 3033 32

============================================================

=== TXN #0002 2026-04-30 18:48:42 ===
Marca: Visa | Modo: contactless (MDI=L) | Monto: $123.45
Terminal: 74000025 | Merchant: 03659307
NII: 0112 | TPDU: 6001120000 | Host: ws1.prismamp.com:8443
Trace: 237281 | Ticket: 0770

--- REQUEST 0200 ---
    017C 6001 1200 0002 0032 3827 8020 C582
    3400 0000 0000 0001 2345 0430 1848 4223
    7281 1848 4204 3000 3200 7100 0001 1200
    3745 0799 0000 0064 54D2 8072 0145 6000
    0000 000F 3734 3030 3030 3235 3033 3635
    3933 3037 2020 2020 2020 2000 0131 0003
    3030 3130 3332 0244 3935 3035 3030 3030
    3030 3030 3030 3941 3033 3236 3034 3330
    3943 3031 3030 3946 3032 3036 3030 3030
    3030 3031 3233 3435 3946 3033 3036 3030
    3030 3030 3030 3030 3030 3946 3130 3037
    3036 3031 3132 3033 4130 3230 3030 3946
    3236 3038 3246 3133 4538 3531 3432 3745
    3836 4134 3946 3237 3031 3830 3946 3333
    3033 4530 4638 4338 3946 3334 3033 3346
    3030 3030 3946 3336 3032 3030 3341 3946
    3337 3034 4235 4543 3232 3539 3946 3145
    3038 3338 3335 3331 3330 3439 3433 3433
    3030 3946 3645 3034 3230 3730 3030 3030
    3834 3037 4130 3030 3030 3030 3033 3130
    3130 3546 3334 3031 3030 3832 3032 3230
    3030 3546 3241 3032 3030 3332 0014 3032
    3130 3030 3130 3034 3037 3037 0010 5041
    5957 4159 5F43 4F45 0004 3037 3730

--- RESPONSE 0210 ---
Codigo: 05 - Denegada
TPDU: 6000000112 | MTI: 0210
Campos: [3, 4, 7, 11, 24, 37, 39, 41, 42, 48, 49]
    -> F003: [000000]
    -> F004: [000000012345]
    -> F007: [0430184842]
    -> F011: [237281]
    -> F024: [0112]
    -> F037: [000000237281]
    -> F039: [05]
    -> F041: [74000025]
    -> F042: [03659307       ]
    -> F048: [001]
    -> F049: [032]

HEX:
    6000 0001 1202 1032 2001 000A C180 0000
    0000 0000 0001 2345 0430 1848 4223 7281
    0112 3030 3030 3030 3233 3732 3831 3035
    3734 3030 3030 3235 3033 3635 3933 3037
    2020 2020 2020 2000 0330 3031 3033 32

============================================================

=== TXN #0003 2026-04-30 18:48:56 ===
Marca: Visa | Modo: contactless (MDI=L) | Monto: $123.45
Terminal: 74000025 | Merchant: 03659307
NII: 0112 | TPDU: 6001120000 | Host: ws1.prismamp.com:8443
Trace: 237282 | Ticket: 0771

--- REQUEST 0200 ---
    017C 6001 1200 0002 0032 3827 8020 C582
    3400 0000 0000 0001 2345 0430 1848 5623
    7282 1848 5604 3000 3200 7100 0001 1200
    3748 1550 0005 6528 01D3 1072 2113 6000
    0000 000F 3734 3030 3030 3235 3033 3635
    3933 3037 2020 2020 2020 2000 0131 0003
    3030 3130 3332 0244 3935 3035 3030 3030
    3030 3030 3030 3941 3033 3236 3034 3330
    3943 3031 3030 3946 3032 3036 3030 3030
    3030 3031 3233 3435 3946 3033 3036 3030
    3030 3030 3030 3030 3030 3946 3130 3037
    3036 3031 3132 3033 4130 3238 3030 3946
    3236 3038 3330 3339 4633 3243 3843 3442
    4336 3843 3946 3237 3031 3830 3946 3333
    3033 4530 4638 4338 3946 3334 3033 3346
    3030 3030 3946 3336 3032 3030 3337 3946
    3337 3034 3935 4343 3032 3339 3946 3145
    3038 3338 3335 3331 3330 3439 3433 3433
    3030 3946 3645 3034 3230 3730 3030 3030
    3834 3037 4130 3030 3030 3030 3033 3130
    3130 3546 3334 3031 3030 3832 3032 3230
    3030 3546 3241 3032 3030 3332 0014 3032
    3130 3030 3130 3034 3037 3037 0010 5041
    5957 4159 5F43 4F45 0004 3037 3731

--- RESPONSE 0210 ---
Codigo: 05 - Denegada
TPDU: 6000000112 | MTI: 0210
Campos: [3, 4, 7, 11, 24, 37, 39, 41, 42, 48, 49]
    -> F003: [000000]
    -> F004: [000000012345]
    -> F007: [0430184856]
    -> F011: [237282]
    -> F024: [0112]
    -> F037: [000000237282]
    -> F039: [05]
    -> F041: [74000025]
    -> F042: [03659307       ]
    -> F048: [001]
    -> F049: [032]

HEX:
    6000 0001 1202 1032 2001 000A C180 0000
    0000 0000 0001 2345 0430 1848 5623 7282
    0112 3030 3030 3030 3233 3732 3832 3035
    3734 3030 3030 3235 3033 3635 3933 3037
    2020 2020 2020 2000 0330 3031 3033 32

============================================================

=== TXN #0004 2026-04-30 18:53:43 ===
Marca: MasterCard | Modo: contactless (MDI=L) | Monto: $123.45
Terminal: 74000025 | Merchant: 43108950
NII: 0119 | TPDU: 6001190000 | Host: ws1.prismamp.com:8443
Trace: 237283 | Ticket: 0772

--- REQUEST 0200 ---
    01A4 6001 1900 0002 0032 3827 8020 C582
    3400 0000 0000 0001 2345 0430 1853 4323
    7283 1853 4304 3000 3200 7100 0001 1900
    3753 0058 9000 8467 56D2 7042 0113 0200
    6800 008F 3734 3030 3030 3235 3433 3130
    3839 3530 2020 2020 2020 2000 0131 0003
    3030 3130 3332 0284 3935 3035 3030 3030
    3030 3830 3031 3941 3033 3236 3034 3330
    3943 3031 3030 3946 3032 3036 3030 3030
    3030 3031 3233 3435 3946 3033 3036 3030
    3030 3030 3030 3030 3030 3946 3130 3132
    3031 3130 4130 3430 3033 3232 3034 3030
    3030 3030 3030 3030 3030 3030 3030 3030
    3030 4646 3946 3236 3038 4631 4343 4339
    4438 3844 3945 3146 3445 3946 3237 3031
    3830 3946 3333 3033 4530 3038 3038 3946
    3334 3033 3146 3033 3032 3946 3336 3032
    3030 4544 3946 3337 3034 3138 3446 3835
    4243 3946 3145 3038 3338 3335 3331 3330
    3439 3433 3433 3030 3946 3645 3037 3030
    3332 3030 3030 3330 3330 3030 3834 3037
    4130 3030 3030 3030 3034 3130 3130 3546
    3334 3031 3030 3546 3235 3033 3231 3035
    3137 3832 3032 3139 3830 3546 3241 3032
    3030 3332 0014 3032 3130 3030 3130 3034
    3037 3037 0010 5041 5957 4159 5F43 4F45
    0004 3037 3732

--- RESPONSE 0210 ---
Codigo: 05 - Denegada
TPDU: 6000000119 | MTI: 0210
Campos: [3, 4, 7, 11, 24, 37, 39, 41, 42, 48, 49]
    -> F003: [000000]
    -> F004: [000000012345]
    -> F007: [0430185343]
    -> F011: [237283]
    -> F024: [0119]
    -> F037: [000000237283]
    -> F039: [05]
    -> F041: [74000025]
    -> F042: [43108950       ]
    -> F048: [001]
    -> F049: [032]

HEX:
    6000 0001 1902 1032 2001 000A C180 0000
    0000 0000 0001 2345 0430 1853 4323 7283
    0119 3030 3030 3030 3233 3732 3833 3035
    3734 3030 3030 3235 3433 3130 3839 3530
    2020 2020 2020 2000 0330 3031 3033 32

============================================================

=== TXN #0005 2026-04-30 18:54:28 ===
Marca: MasterCard | Modo: contactless (MDI=L) | Monto: $123.45
Terminal: 12000798 | Merchant: 43108950
NII: 0119 | TPDU: 6001190000 | Host: ws1.prismamp.com:8443
Trace: 237284 | Ticket: 0773

--- REQUEST 0200 ---
    01A4 6001 1900 0002 0032 3827 8020 C582
    3400 0000 0000 0001 2345 0430 1854 2823
    7284 1854 2804 3000 3200 7100 0001 1900
    3753 0058 9000 8467 56D2 7042 0113 0200
    6800 008F 3132 3030 3037 3938 3433 3130
    3839 3530 2020 2020 2020 2000 0131 0003
    3030 3130 3332 0284 3935 3035 3030 3030
    3030 3830 3031 3941 3033 3236 3034 3330
    3943 3031 3030 3946 3032 3036 3030 3030
    3030 3031 3233 3435 3946 3033 3036 3030
    3030 3030 3030 3030 3030 3946 3130 3132
    3031 3130 4130 3430 3033 3232 3034 3030
    3030 3030 3030 3030 3030 3030 3030 3030
    3030 4646 3946 3236 3038 3843 4330 3832
    3743 4543 4233 3736 4445 3946 3237 3031
    3830 3946 3333 3033 4530 3038 3038 3946
    3334 3033 3146 3033 3032 3946 3336 3032
    3030 4545 3946 3337 3034 4434 3041 3431
    3737 3946 3145 3038 3338 3335 3331 3330
    3439 3433 3433 3030 3946 3645 3037 3030
    3332 3030 3030 3330 3330 3030 3834 3037
    4130 3030 3030 3030 3034 3130 3130 3546
    3334 3031 3030 3546 3235 3033 3231 3035
    3137 3832 3032 3139 3830 3546 3241 3032
    3030 3332 0014 3032 3130 3030 3130 3034
    3037 3037 0010 5041 5957 4159 5F43 4F45
    0004 3037 3733

--- RESPONSE 0210 ---
Codigo: 03 - Comercio Inválido
TPDU: 6000000119 | MTI: 0210
Campos: [3, 4, 7, 11, 24, 37, 39, 41, 42, 48, 49]
    -> F003: [000000]
    -> F004: [000000012345]
    -> F007: [0430185428]
    -> F011: [237284]
    -> F024: [0119]
    -> F037: [000000237284]
    -> F039: [03]
    -> F041: [12000798]
    -> F042: [43108950       ]
    -> F048: [001]
    -> F049: [032]

HEX:
    6000 0001 1902 1032 2001 000A C180 0000
    0000 0000 0001 2345 0430 1854 2823 7284
    0119 3030 3030 3030 3233 3732 3834 3033
    3132 3030 3037 3938 3433 3130 3839 3530
    2020 2020 2020 2000 0330 3031 3033 32

============================================================

=== TXN #0006 2026-04-30 18:55:18 ===
Marca: MasterCard | Modo: contactless (MDI=L) | Monto: $123.45
Terminal: 12000798 | Merchant: 41663931
NII: 0119 | TPDU: 6001190000 | Host: ws1.prismamp.com:8443
Trace: 237285 | Ticket: 0774

--- REQUEST 0200 ---
    01A4 6001 1900 0002 0032 3827 8020 C582
    3400 0000 0000 0001 2345 0430 1855 1823
    7285 1855 1804 3000 3200 7100 0001 1900
    3753 0058 9000 8467 56D2 7042 0113 0200
    6800 008F 3132 3030 3037 3938 3431 3636
    3339 3331 2020 2020 2020 2000 0131 0003
    3030 3130 3332 0284 3935 3035 3030 3030
    3030 3830 3031 3941 3033 3236 3034 3330
    3943 3031 3030 3946 3032 3036 3030 3030
    3030 3031 3233 3435 3946 3033 3036 3030
    3030 3030 3030 3030 3030 3946 3130 3132
    3031 3130 4130 3430 3033 3232 3034 3030
    3030 3030 3030 3030 3030 3030 3030 3030
    3030 4646 3946 3236 3038 4543 3042 3032
    3938 4537 3737 3444 4635 3946 3237 3031
    3830 3946 3333 3033 4530 3038 3038 3946
    3334 3033 3146 3033 3032 3946 3336 3032
    3030 4546 3946 3337 3034 3141 3530 3837
    4244 3946 3145 3038 3338 3335 3331 3330
    3439 3433 3433 3030 3946 3645 3037 3030
    3332 3030 3030 3330 3330 3030 3834 3037
    4130 3030 3030 3030 3034 3130 3130 3546
    3334 3031 3030 3546 3235 3033 3231 3035
    3137 3832 3032 3139 3830 3546 3241 3032
    3030 3332 0014 3032 3130 3030 3130 3034
    3037 3037 0010 5041 5957 4159 5F43 4F45
    0004 3037 3734

--- RESPONSE 0210 ---
Codigo: 03 - Comercio Inválido
TPDU: 6000000119 | MTI: 0210
Campos: [3, 4, 7, 11, 24, 37, 39, 41, 42, 48, 49]
    -> F003: [000000]
    -> F004: [000000012345]
    -> F007: [0430185518]
    -> F011: [237285]
    -> F024: [0119]
    -> F037: [000000237285]
    -> F039: [03]
    -> F041: [12000798]
    -> F042: [41663931       ]
    -> F048: [001]
    -> F049: [032]

HEX:
    6000 0001 1902 1032 2001 000A C180 0000
    0000 0000 0001 2345 0430 1855 1823 7285
    0119 3030 3030 3030 3233 3732 3835 3033
    3132 3030 3037 3938 3431 3636 3339 3331
    2020 2020 2020 2000 0330 3031 3033 32

============================================================

=== TXN #0007 2026-04-30 18:55:44 ===
Marca: MasterCard | Modo: contactless (MDI=L) | Monto: $123.45
Terminal: 74000025 | Merchant: 41663931
NII: 0119 | TPDU: 6001190000 | Host: ws1.prismamp.com:8443
Trace: 237286 | Ticket: 0775

--- REQUEST 0200 ---
    01A4 6001 1900 0002 0032 3827 8020 C582
    3400 0000 0000 0001 2345 0430 1855 4423
    7286 1855 4404 3000 3200 7100 0001 1900
    3753 0058 9000 8467 56D2 7042 0113 0200
    6800 008F 3734 3030 3030 3235 3431 3636
    3339 3331 2020 2020 2020 2000 0131 0003
    3030 3130 3332 0284 3935 3035 3030 3030
    3030 3830 3031 3941 3033 3236 3034 3330
    3943 3031 3030 3946 3032 3036 3030 3030
    3030 3031 3233 3435 3946 3033 3036 3030
    3030 3030 3030 3030 3030 3946 3130 3132
    3031 3130 4130 3430 3033 3232 3034 3030
    3030 3030 3030 3030 3030 3030 3030 3030
    3030 4646 3946 3236 3038 3646 3333 3434
    3741 3339 3932 3245 4631 3946 3237 3031
    3830 3946 3333 3033 4530 3038 3038 3946
    3334 3033 3146 3033 3032 3946 3336 3032
    3030 4630 3946 3337 3034 3631 3035 3342
    3732 3946 3145 3038 3338 3335 3331 3330
    3439 3433 3433 3030 3946 3645 3037 3030
    3332 3030 3030 3330 3330 3030 3834 3037
    4130 3030 3030 3030 3034 3130 3130 3546
    3334 3031 3030 3546 3235 3033 3231 3035
    3137 3832 3032 3139 3830 3546 3241 3032
    3030 3332 0014 3032 3130 3030 3130 3034
    3037 3037 0010 5041 5957 4159 5F43 4F45
    0004 3037 3735

--- RESPONSE 0210 ---
Codigo: 03 - Comercio Inválido
TPDU: 6000000119 | MTI: 0210
Campos: [3, 4, 7, 11, 24, 37, 39, 41, 42, 48, 49]
    -> F003: [000000]
    -> F004: [000000012345]
    -> F007: [0430185544]
    -> F011: [237286]
    -> F024: [0119]
    -> F037: [000000237286]
    -> F039: [03]
    -> F041: [74000025]
    -> F042: [41663931       ]
    -> F048: [001]
    -> F049: [032]

HEX:
    6000 0001 1902 1032 2001 000A C180 0000
    0000 0000 0001 2345 0430 1855 4423 7286
    0119 3030 3030 3030 3233 3732 3836 3033
    3734 3030 3030 3235 3431 3636 3339 3331
    2020 2020 2020 2000 0330 3031 3033 32

============================================================

=== TXN #0008 2026-04-30 18:56:39 ===
Marca: MasterCard | Modo: contactless (MDI=L) | Monto: $4000.00
Terminal: 74000025 | Merchant: 43108950
NII: 0119 | TPDU: 6001190000 | Host: ws1.prismamp.com:8443
Trace: 237287 | Ticket: 0776

--- REQUEST 0200 ---
    01A4 6001 1900 0002 0032 3827 8020 C582
    3400 0000 0000 0040 0000 0430 1856 3823
    7287 1856 3804 3000 3200 7100 0001 1900
    3753 0058 9000 8467 56D2 7042 0113 0200
    6800 008F 3734 3030 3030 3235 3433 3130
    3839 3530 2020 2020 2020 2000 0131 0003
    3030 3130 3332 0284 3935 3035 3030 3030
    3030 3830 3031 3941 3033 3236 3034 3330
    3943 3031 3030 3946 3032 3036 3030 3030
    3030 3430 3030 3030 3946 3033 3036 3030
    3030 3030 3030 3030 3030 3946 3130 3132
    3031 3130 4130 3430 3033 3232 3034 3030
    3030 3030 3030 3030 3030 3030 3030 3030
    3030 4646 3946 3236 3038 3033 3732 3732
    4241 3232 4631 3731 4444 3946 3237 3031
    3830 3946 3333 3033 4530 3038 3038 3946
    3334 3033 3146 3033 3032 3946 3336 3032
    3030 4631 3946 3337 3034 3733 4141 4530
    3137 3946 3145 3038 3338 3335 3331 3330
    3439 3433 3433 3030 3946 3645 3037 3030
    3332 3030 3030 3330 3330 3030 3834 3037
    4130 3030 3030 3030 3034 3130 3130 3546
    3334 3031 3030 3546 3235 3033 3231 3035
    3137 3832 3032 3139 3830 3546 3241 3032
    3030 3332 0014 3032 3130 3030 3130 3034
    3037 3037 0010 5041 5957 4159 5F43 4F45
    0004 3037 3736

--- RESPONSE 0210 ---
Codigo: 05 - Denegada
TPDU: 6000000119 | MTI: 0210
Campos: [3, 4, 7, 11, 24, 37, 39, 41, 42, 48, 49]
    -> F003: [000000]
    -> F004: [000000400000]
    -> F007: [0430185638]
    -> F011: [237287]
    -> F024: [0119]
    -> F037: [000000237287]
    -> F039: [05]
    -> F041: [74000025]
    -> F042: [43108950       ]
    -> F048: [001]
    -> F049: [032]

HEX:
    6000 0001 1902 1032 2001 000A C180 0000
    0000 0000 0040 0000 0430 1856 3823 7287
    0119 3030 3030 3030 3233 3732 3837 3035
    3734 3030 3030 3235 3433 3130 3839 3530
    2020 2020 2020 2000 0330 3031 3033 32

============================================================

=== TXN #0009 2026-04-30 19:00:41 ===
Marca: Visa | Modo: contactless (MDI=L) | Monto: $123.45
Terminal: 74000025 | Merchant: 03659307
NII: 0112 | TPDU: 6001120000 | Host: ws1.prismamp.com:8443
Trace: 237288 | Ticket: 0777

--- REQUEST 0200 ---
    017C 6001 1200 0002 0032 3827 8020 C582
    3400 0000 0000 0001 2345 0430 1900 4123
    7288 1900 4104 3000 3200 7100 0001 1200
    3745 0799 0000 0064 54D2 8072 0145 6000
    0000 000F 3734 3030 3030 3235 3033 3635
    3933 3037 2020 2020 2020 2000 0131 0003
    3030 3130 3332 0244 3935 3035 3030 3030
    3030 3030 3030 3941 3033 3236 3034 3330
    3943 3031 3030 3946 3032 3036 3030 3030
    3030 3031 3233 3435 3946 3033 3036 3030
    3030 3030 3030 3030 3030 3946 3130 3037
    3036 3031 3132 3033 4130 3230 3030 3946
    3236 3038 3333 3335 3431 3332 3532 3344
    4332 3236 3946 3237 3031 3830 3946 3333
    3033 4530 4638 4338 3946 3334 3033 3346
    3030 3030 3946 3336 3032 3030 3342 3946
    3337 3034 3734 4141 4531 3137 3946 3145
    3038 3338 3335 3331 3330 3439 3433 3433
    3030 3946 3645 3034 3230 3730 3030 3030
    3834 3037 4130 3030 3030 3030 3033 3130
    3130 3546 3334 3031 3030 3832 3032 3230
    3030 3546 3241 3032 3030 3332 0014 3032
    3130 3030 3130 3034 3037 3037 0010 5041
    5957 4159 5F43 4F45 0004 3037 3737

--- RESPONSE 0210 ---
Codigo: 05 - Denegada
TPDU: 6000000112 | MTI: 0210
Campos: [3, 4, 7, 11, 24, 37, 39, 41, 42, 48, 49]
    -> F003: [000000]
    -> F004: [000000012345]
    -> F007: [0430190041]
    -> F011: [237288]
    -> F024: [0112]
    -> F037: [000000237288]
    -> F039: [05]
    -> F041: [74000025]
    -> F042: [03659307       ]
    -> F048: [001]
    -> F049: [032]

HEX:
    6000 0001 1202 1032 2001 000A C180 0000
    0000 0000 0001 2345 0430 1900 4123 7288
    0112 3030 3030 3030 3233 3732 3838 3035
    3734 3030 3030 3235 3033 3635 3933 3037
    2020 2020 2020 2000 0330 3031 3033 32

============================================================

