=== TXN #0001 2026-05-08 10:18:54 ===
Marca: Amex | Modo: contactless (MDI=L) | Monto: $3.45
Terminal: 74000025 | Merchant: 3655724151
NII: 0721 | TPDU: 6007210000 | Host: qwww318.americanexpress.com:8443
Trace: 238387 | Ticket: 4448

--- REQUEST 0200 ---
    018A 6007 2100 0002 0032 3827 8020 C582
    3400 0000 0000 0000 0345 0508 1018 5123
    8387 1018 5105 0800 3200 7100 0007 2100
    3737 4245 0027 5100 5D30 1270 1230 1555
    5500 000F 3734 3030 3030 3235 3336 3535
    3732 3431 3531 2020 2020 2000 0131 0003
    3030 3130 3332 0258 3935 3035 3030 3030
    3030 3830 3030 3941 3033 3236 3035 3038
    3943 3031 3030 3946 3032 3036 3030 3030
    3030 3030 3033 3435 3946 3033 3036 3030
    3030 3030 3030 3030 3030 3946 3130 3037
    3036 3032 3031 3033 4134 3030 3032 3946
    3236 3038 3042 3230 3230 3541 3145 4632
    3937 4442 3946 3237 3031 3830 3946 3333
    3033 4530 4638 4338 3946 3334 3033 3146
    3032 3032 3946 3336 3032 3030 3031 3946
    3337 3034 3731 4137 4445 3134 3946 3145
    3038 3338 3335 3331 3330 3439 3433 3433
    3030 3946 3645 3034 4443 4530 3430 3033
    3834 3038 4130 3030 3030 3030 3235 3031
    3034 3033 3546 3334 3031 3030 3546 3235
    3033 3233 3031 3031 3832 3032 3139 4330
    3546 3241 3032 3030 3332 0014 3032 3130
    3030 3130 3034 3037 3037 0010 5041 5957
    4159 5F43 4F45 0004 3434 3438

--- RESPONSE 0210 ---
Codigo: 51 - Fondos Insuficientes
TPDU: 6000000721 | MTI: 0210
Campos: [3, 4, 7, 11, 24, 37, 39, 41, 42, 48, 49]
    -> F003: [000000]
    -> F004: [000000000345]
    -> F007: [0508101851]
    -> F011: [238387]
    -> F024: [0721]
    -> F037: [000000238387]
    -> F039: [51]
    -> F041: [74000025]
    -> F042: [3655724151     ]
    -> F048: [001]
    -> F049: [032]

HEX:
    6000 0007 2102 1032 2001 000A C180 0000
    0000 0000 0000 0345 0508 1018 5123 8387
    0721 3030 3030 3030 3233 3833 3837 3531
    3734 3030 3030 3235 3336 3535 3732 3431
    3531 2020 2020 2000 0330 3031 3033 32

============================================================

