=== TXN #0001 2026-05-28 11:19:22 ===
Marca: Visa | Modo: contactless (MDI=L) | Monto: $123.45
Terminal: 74000025 | Merchant: 03659307
NII: 0721 | TPDU: 6007210000 | Host: ws1.prismamp.com:8443
Trace: 074429 | Ticket: 1530

--- REQUEST 0200 ---
    017C 6007 2100 0002 0032 3827 8020 C582
    3400 0000 0000 0001 2345 0528 1119 2107
    4429 1119 2105 2800 3200 7100 0007 2100
    3748 1550 0005 6528 01D3 1072 2113 6000
    0000 000F 3734 3030 3030 3235 3033 3635
    3933 3037 2020 2020 2020 2000 0131 0003
    3030 3130 3332 0244 3935 3035 3030 3030
    3030 3030 3030 3941 3033 3236 3035 3238
    3943 3031 3030 3946 3032 3036 3030 3030
    3030 3031 3233 3435 3946 3033 3036 3030
    3030 3030 3030 3030 3030 3946 3130 3037
    3036 3031 3132 3033 4130 3238 3030 3946
    3236 3038 3135 3139 4630 3246 3944 4337
    3444 3234 3946 3237 3031 3830 3946 3333
    3033 4530 4638 4338 3946 3334 3033 3346
    3030 3030 3946 3336 3032 3030 3630 3946
    3337 3034 3743 4232 4539 3146 3946 3145
    3038 3338 3335 3331 3330 3439 3433 3433
    3030 3946 3645 3034 3230 3730 3030 3030
    3834 3037 4130 3030 3030 3030 3033 3130
    3130 3546 3334 3031 3030 3832 3032 3230
    3030 3546 3241 3032 3030 3332 0014 3032
    3130 3030 3130 3034 3037 3037 0010 5041
    5957 4159 5F43 4F45 0004 3135 3330

--- RESPONSE 0210 ---
Codigo: 00 - Aprobada (authno)
TPDU: 6000000721 | MTI: 0210
Campos: [3, 4, 7, 11, 24, 37, 38, 39, 41, 42, 48, 49, 55]
    -> F003: [000000]
    -> F004: [000000012345]
    -> F007: [0528111921]
    -> F011: [074429]
    -> F024: [0721]
    -> F037: [000000074429]
    -> F038: [042299]
    -> F039: [00]
    -> F041: [74000025]
    -> F042: [03659307       ]
    -> F048: [001]
    -> F049: [032]
    -> F055: [9108AA11D18100860000]

HEX:
    6000 0007 2102 1032 2001 000E C182 0000
    0000 0000 0001 2345 0528 1119 2107 4429
    0721 3030 3030 3030 3037 3434 3239 3034
    3232 3939 3030 3734 3030 3030 3235 3033
    3635 3933 3037 2020 2020 2020 2000 0330
    3031 3033 3200 2039 3130 3841 4131 3144
    3138 3130 3038 3630 3030 30

============================================================

